[2026-01-12 17:22:48] [*] START idx=2 host=cn-e10.hpc.engr.oregonstate.edu
[2026-01-12 17:22:48] [*] Repo: /nfs/stak/users/anklesan/hpc-share/lammps/lammps
[2026-01-12 17:22:48] [*] Out : /nfs/stak/users/anklesan/hpc-share/lammps/energy_results/full_regression
[2026-01-12 17:22:48] [*] Script log: /nfs/stak/users/anklesan/hpc-share/lammps/energy_results/full_regression/logs/fullreg-idx-2.log

[2026-01-12 17:22:48] [*] rsync repo -> /scratch/projects/anklesan/lammps/fullreg_energy_work/work_2
[2026-01-12 17:24:05] [*] Create venv + deps
[2026-01-12 17:24:23] [*] ccache reset
[2026-01-12 17:24:23] [*] BUILD (metered)
loading initial cache file cmake/presets/gcc.cmake
loading initial cache file cmake/presets/most.cmake
CMake Error: The source "/scratch/projects/anklesan/lammps/fullreg_energy_work/work_2/cmake/CMakeLists.txt" does not match the source "/nfs/stak/users/anklesan/hpc-share/lammps/lammps/cmake/CMakeLists.txt" used to generate cache.  Re-run cmake with a different source directory.
[0/2] Re-checking globbed directories...
[1/8] Performing update step for 'spglib_build'
[2/8] No patch step for 'spglib_build'
[3/8] cd /nfs/stak/users/anklesan/hpc-share/lammps/lammps/build_quick_reg_energy && /nfs/stak/a1/rhel5apps/spack/opt-el8/spack/linux-sandybridge/cmake-3.31.8-63trq3jyfruewhi5wdjkab43vuk4rxla/bin/cmake -DLAMMPS_DIR="/nfs/stak/users/anklesan/hpc-share/lammps/lammps" -DGIT_EXECUTABLE="/usr/bin/git" -DGIT_FOUND="TRUE" -DLAMMPS_STYLE_HEADERS_DIR="/nfs/stak/users/anklesan/hpc-share/lammps/lammps/build_quick_reg_energy/styles" -P /nfs/stak/users/anklesan/hpc-share/lammps/lammps/cmake/Modules/generate_lmpgitversion.cmake
-- Git Directory: /nfs/stak/users/anklesan/hpc-share/lammps/lammps/.git
-- Generating lmpgitversion.h...
[4/8] Performing configure step for 'spglib_build'
-- Build type: RelWithDebInfo
-- Configuring done (0.1s)
-- Generating done (0.1s)
-- Build files have been written to: /nfs/stak/users/anklesan/hpc-share/lammps/lammps/build_quick_reg_energy/phana_build/spglib_build_ext/src/spglib_build-build
[5/8] Performing build step for 'spglib_build'
ninja: no work to do.
[6/7] Performing install step for 'spglib_build'
-- Install configuration: "RelWithDebInfo"
-- Up-to-date: /nfs/stak/users/anklesan/hpc-share/lammps/lammps/build_quick_reg_energy/phana_build/spglib_build_ext/lib/libsymspg.a
-- Up-to-date: /nfs/stak/users/anklesan/hpc-share/lammps/lammps/build_quick_reg_energy/phana_build/spglib_build_ext/include/spglib.h
[7/7] Completed 'spglib_build'
[2026-01-12 17:24:27] [*] ANALYZE (metered)

Top-level example folder:
  examples

There are 764 input scripts in total under the examples folder.
[2026-01-12 17:24:36] [*] RUN idx=2 (metered)

Input scripts to test as listed in the file:
  input-list-2.txt

There are 96 input scripts listed in input-list-2.txt.

Regression test configuration file:
  /scratch/projects/anklesan/lammps/fullreg_energy_work/work_2/tools/regression-tests/config_serial.yaml

LAMMPS build info:
  - OS: Linux "Rocky Linux 8.10 (Green Obsidian)" 4.18.0-477.27.1.el8_8.x86_64 x86_64
  - Git info (develop / patch_10Dec2025-46-g97341a839f)
  - Compiler: GNU C++ 12.4.0 with OpenMP 4.5
  - Active compile flags:  -DLAMMPS_GZIP -DLAMMPS_PNG -DLAMMPS_JPEG -DLAMMPS_CURL -DLAMMPS_SMALLBIG
  - List of 73 installed packages:
AMOEBA ASPHERE BOCS BODY BPM BROWNIAN CG-DNA CG-SPICA CLASS2 COLLOID COLVARS COMPRESS CORESHELL DIELECTRIC DIFFRACTION DIPOLE DPD-BASIC DPD-MESO DPD-REACT DPD-SMOOTH DRUDE EFF ELECTRODE EXTRA-COMMAND EXTRA-COMPUTE EXTRA-DUMP EXTRA-FIX EXTRA-MOLECULE EXTRA-PAIR FEP GRANULAR INTERLAYER KSPACE LEPTON MACHDYN MANIFOLD MANYBODY MC MEAM MESONT MISC ML-IAP ML-PACE ML-POD ML-RANN ML-SNAP ML-UF3 MOFFF MOLECULE OPENMP OPT ORIENT PERI PHONON PLUGIN PTM PYTHON QEQ QTB REACTION REAXFF REPLICA RHEO RIGID SHOCK SMTBQ SPH SPIN SRD TALLY UEF VORONOI YAFF 

Working directory: /scratch/projects/anklesan/lammps/fullreg_energy_work/work_2
--------------------------------------------------------------------------------
Entering examples/PACKAGES/extep
1 input script(s) to be tested: ['in.extep-bn']
   + in.extep-bn (1/1)
     3 abs diff checks failed.
     3 rel diff checks failed.
--------------------------------------------------------------------------------
Entering examples/PACKAGES/fep/C7inEthanol/fep01
1 input script(s) to be tested: ['in.insertion']
   + in.insertion (1/1)
     Timeout for: /scratch/projects/anklesan/lammps/fullreg_energy_work/work_2/build/lmp -in in.insertion -cite none -log log.insertion.1 (180s expired)
     failed, no Total wall time in the output.

--------------------------------------------------------------------------------
Entering examples/PACKAGES/fep/C7inEthanol/fep10
1 input script(s) to be tested: ['in.deletion']
   + in.deletion (1/1)
     Timeout for: /scratch/projects/anklesan/lammps/fullreg_energy_work/work_2/build/lmp -in in.deletion -cite none -log log.deletion.1 (180s expired)
     failed, no Total wall time in the output.

--------------------------------------------------------------------------------
Entering examples/PACKAGES/fep/CC-CO/fep01
1 input script(s) to be tested: ['in.fep01.lmp']
   + in.fep01.lmp (1/1)
     Timeout for: /scratch/projects/anklesan/lammps/fullreg_energy_work/work_2/build/lmp -in in.fep01.lmp -cite none -log log.fep01.lmp.1 (180s expired)
     failed, no Total wall time in the output.

--------------------------------------------------------------------------------
Entering examples/PACKAGES/fep/CC-CO/fep10
1 input script(s) to be tested: ['in.fep10.lmp']
   + in.fep10.lmp (1/1)
     Timeout for: /scratch/projects/anklesan/lammps/fullreg_energy_work/work_2/build/lmp -in in.fep10.lmp -cite none -log log.fep10.lmp.1 (180s expired)
     failed, no Total wall time in the output.

--------------------------------------------------------------------------------
Entering examples/PACKAGES/fep/CH4-CF4/bar01
1 input script(s) to be tested: ['in.bar01.lmp']
   + in.bar01.lmp (1/1)
     Timeout for: /scratch/projects/anklesan/lammps/fullreg_energy_work/work_2/build/lmp -in in.bar01.lmp -cite none -log log.bar01.lmp.1 (180s expired)
     failed, no Total wall time in the output.

--------------------------------------------------------------------------------
Entering examples/PACKAGES/fep/CH4-CF4/bar10
1 input script(s) to be tested: ['in.bar10.lmp']
   + in.bar10.lmp (1/1)
     Timeout for: /scratch/projects/anklesan/lammps/fullreg_energy_work/work_2/build/lmp -in in.bar10.lmp -cite none -log log.bar10.lmp.1 (180s expired)
     failed, no Total wall time in the output.

--------------------------------------------------------------------------------
Entering examples/PACKAGES/fep/CH4-CF4/fep01
1 input script(s) to be tested: ['in.fep01.lmp']
   + in.fep01.lmp (1/1)
     Timeout for: /scratch/projects/anklesan/lammps/fullreg_energy_work/work_2/build/lmp -in in.fep01.lmp -cite none -log log.fep01.lmp.1 (180s expired)
     failed, no Total wall time in the output.

--------------------------------------------------------------------------------
Entering examples/PACKAGES/fep/CH4-CF4/fep10
1 input script(s) to be tested: ['in.fep10.lmp']
   + in.fep10.lmp (1/1)
     Timeout for: /scratch/projects/anklesan/lammps/fullreg_energy_work/work_2/build/lmp -in in.fep10.lmp -cite none -log log.fep10.lmp.1 (180s expired)
     failed, no Total wall time in the output.

--------------------------------------------------------------------------------
Entering examples/PACKAGES/fep/CH4hyd/fdti01
1 input script(s) to be tested: ['in.fdti01.lmp']
   + in.fdti01.lmp (1/1)
     Timeout for: /scratch/projects/anklesan/lammps/fullreg_energy_work/work_2/build/lmp -in in.fdti01.lmp -cite none -log log.fdti01.lmp.1 (180s expired)
     failed, no Total wall time in the output.

--------------------------------------------------------------------------------
Entering examples/PACKAGES/fep/CH4hyd/fdti10
1 input script(s) to be tested: ['in.fdti10.lmp']
   + in.fdti10.lmp (1/1)
     Timeout for: /scratch/projects/anklesan/lammps/fullreg_energy_work/work_2/build/lmp -in in.fdti10.lmp -cite none -log log.fdti10.lmp.1 (180s expired)
     failed, no Total wall time in the output.

--------------------------------------------------------------------------------
Entering examples/PACKAGES/fep/CH4hyd/fep01
1 input script(s) to be tested: ['in.fep01.lmp']
   + in.fep01.lmp (1/1)
     Timeout for: /scratch/projects/anklesan/lammps/fullreg_energy_work/work_2/build/lmp -in in.fep01.lmp -cite none -log log.fep01.lmp.1 (180s expired)
     failed, no Total wall time in the output.

--------------------------------------------------------------------------------
Entering examples/PACKAGES/fep/CH4hyd/fep10
1 input script(s) to be tested: ['in.fep10.lmp']
   + in.fep10.lmp (1/1)
     Timeout for: /scratch/projects/anklesan/lammps/fullreg_energy_work/work_2/build/lmp -in in.fep10.lmp -cite none -log log.fep10.lmp.1 (180s expired)
     failed, no Total wall time in the output.

--------------------------------------------------------------------------------
Entering examples/PACKAGES/fep/ta
1 input script(s) to be tested: ['in.spce.lmp']
   + in.spce.lmp (1/1)
     Timeout for: /scratch/projects/anklesan/lammps/fullreg_energy_work/work_2/build/lmp -in in.spce.lmp -cite none -log log.spce.lmp.1 (180s expired)
     failed, no Total wall time in the output.

--------------------------------------------------------------------------------
Entering examples/PACKAGES/filter_corotate
2 input script(s) to be tested: ['in.bpti', 'in.peptide']
   + in.bpti (1/2)
    Error parsing log.bpti.1 at line 9, column 13.
   + in.peptide (2/2)
     3 abs diff checks failed.
     3 rel diff checks failed.
--------------------------------------------------------------------------------
Entering examples/PACKAGES/flow_gauss
1 input script(s) to be tested: ['in.GD']
   + in.GD (1/1)
     all 16 checks passed.
--------------------------------------------------------------------------------
Entering examples/PACKAGES/gauss_diel
3 input script(s) to be tested: ['in.gauss-diel', 'in.gauss-diel-cg', 'in.gauss-diel-split']
   + in.gauss-diel (1/3)
    Error parsing log.gauss-diel.1 at line 3, column 13.
   + in.gauss-diel-cg (2/3)
    Error parsing log.gauss-diel-cg.1 at line 3, column 13.
   + in.gauss-diel-split (3/3)
    Error parsing log.gauss-diel-split.1 at line 3, column 13.
--------------------------------------------------------------------------------
Entering examples/PACKAGES/gle
2 input script(s) to be tested: ['in.h2o-quantum', 'in.h2o-smart']
   + in.h2o-quantum (1/2)
     3 abs diff checks failed.
     3 rel diff checks failed.
   + in.h2o-smart (2/2)
     3 abs diff checks failed.
     3 rel diff checks failed.
--------------------------------------------------------------------------------
Entering examples/PACKAGES/grem/lj-6rep
1 input script(s) to be tested: ['in.gREM'][2026-01-12 18:07:47] [*] START idx=2 host=cn-e14.hpc.engr.oregonstate.edu
[2026-01-12 18:07:47] [*] Repo: /nfs/stak/users/anklesan/hpc-share/lammps/lammps
[2026-01-12 18:07:47] [*] Out : /nfs/stak/users/anklesan/hpc-share/lammps/energy_results/full_regression
[2026-01-12 18:07:47] [*] Script log: /nfs/stak/users/anklesan/hpc-share/lammps/energy_results/full_regression/logs/fullreg-idx-2.log

[2026-01-12 18:07:47] [*] rsync repo -> /scratch/projects/anklesan/lammps/fullreg_energy_work/work_2
[2026-01-12 18:08:30] [*] Create venv + deps
[2026-01-12 18:08:41] [*] RAPL packages:
  - /sys/class/powercap/intel-rapl:0 (name=package-0) max_range_uj=262143328850
  - /sys/class/powercap/intel-rapl:1 (name=package-1) max_range_uj=262143328850
[2026-01-12 18:08:41] [*] ccache reset
[2026-01-12 18:08:41] [*] BUILD (metered)
loading initial cache file cmake/presets/gcc.cmake
loading initial cache file cmake/presets/most.cmake
CMake Error: The source "/scratch/projects/anklesan/lammps/fullreg_energy_work/work_2/cmake/CMakeLists.txt" does not match the source "/nfs/stak/users/anklesan/hpc-share/lammps/lammps/cmake/CMakeLists.txt" used to generate cache.  Re-run cmake with a different source directory.
[0/2] Re-checking globbed directories...
[1/8] Performing update step for 'spglib_build'
[2/8] No patch step for 'spglib_build'
[3/8] cd /nfs/stak/users/anklesan/hpc-share/lammps/lammps/build_quick_reg_energy && /nfs/stak/a1/rhel5apps/spack/opt-el8/spack/linux-sandybridge/cmake-3.31.8-63trq3jyfruewhi5wdjkab43vuk4rxla/bin/cmake -DLAMMPS_DIR="/nfs/stak/users/anklesan/hpc-share/lammps/lammps" -DGIT_EXECUTABLE="/usr/bin/git" -DGIT_FOUND="TRUE" -DLAMMPS_STYLE_HEADERS_DIR="/nfs/stak/users/anklesan/hpc-share/lammps/lammps/build_quick_reg_energy/styles" -P /nfs/stak/users/anklesan/hpc-share/lammps/lammps/cmake/Modules/generate_lmpgitversion.cmake
-- Git Directory: /nfs/stak/users/anklesan/hpc-share/lammps/lammps/.git
-- Generating lmpgitversion.h...
[4/8] Performing configure step for 'spglib_build'
-- Build type: RelWithDebInfo
-- Configuring done (0.1s)
-- Generating done (0.0s)
-- Build files have been written to: /nfs/stak/users/anklesan/hpc-share/lammps/lammps/build_quick_reg_energy/phana_build/spglib_build_ext/src/spglib_build-build
[5/8] Performing build step for 'spglib_build'
ninja: no work to do.
[6/7] Performing install step for 'spglib_build'
-- Install configuration: "RelWithDebInfo"
-- Up-to-date: /nfs/stak/users/anklesan/hpc-share/lammps/lammps/build_quick_reg_energy/phana_build/spglib_build_ext/lib/libsymspg.a
-- Up-to-date: /nfs/stak/users/anklesan/hpc-share/lammps/lammps/build_quick_reg_energy/phana_build/spglib_build_ext/include/spglib.h
[7/7] Completed 'spglib_build'
/nfs/stak/users/anklesan/hpc-share/lammps/lammps/workflow_energy_scripts/full_regression/full_regression_energy_onefile.sh: line 133: local: warning: start_arr: circular name reference
/nfs/stak/users/anklesan/hpc-share/lammps/lammps/workflow_energy_scripts/full_regression/full_regression_energy_onefile.sh: line 133: warning: start_arr: circular name reference
/nfs/stak/users/anklesan/hpc-share/lammps/lammps/workflow_energy_scripts/full_regression/full_regression_energy_onefile.sh: line 134: local: warning: end_arr: circular name reference
/nfs/stak/users/anklesan/hpc-share/lammps/lammps/workflow_energy_scripts/full_regression/full_regression_energy_onefile.sh: line 134: warning: end_arr: circular name reference
/nfs/stak/users/anklesan/hpc-share/lammps/lammps/workflow_energy_scripts/full_regression/full_regression_energy_onefile.sh: line 140: warning: start_arr: circular name reference
/nfs/stak/users/anklesan/hpc-share/lammps/lammps/workflow_energy_scripts/full_regression/full_regression_energy_onefile.sh: line 140: start_arr[$i]: unbound variable
[2026-01-12 18:13:48] [*] START idx=2 host=cn-e10.hpc.engr.oregonstate.edu
[2026-01-12 18:13:48] [*] Repo: /nfs/stak/users/anklesan/hpc-share/lammps/lammps
[2026-01-12 18:13:48] [*] Out : /nfs/stak/users/anklesan/hpc-share/lammps/energy_results/full_regression
[2026-01-12 18:13:48] [*] Script log: /nfs/stak/users/anklesan/hpc-share/lammps/energy_results/full_regression/logs/fullreg-idx-2.log

[2026-01-12 18:13:51] [*] rsync repo -> /scratch/projects/anklesan/lammps/fullreg_energy_work/work_2
[2026-01-12 18:15:34] [*] Create venv + deps
[2026-01-12 18:15:49] [*] RAPL packages:
  - /sys/class/powercap/intel-rapl:0 (name=package-0) max_range_uj=262143328850
  - /sys/class/powercap/intel-rapl:1 (name=package-1) max_range_uj=262143328850
[2026-01-12 18:15:49] [*] ccache reset
[2026-01-12 18:15:49] [*] BUILD (metered)
loading initial cache file cmake/presets/gcc.cmake
loading initial cache file cmake/presets/most.cmake
CMake Error: The source "/scratch/projects/anklesan/lammps/fullreg_energy_work/work_2/cmake/CMakeLists.txt" does not match the source "/nfs/stak/users/anklesan/hpc-share/lammps/lammps/cmake/CMakeLists.txt" used to generate cache.  Re-run cmake with a different source directory.
[0/2] Re-checking globbed directories...
[1/8] Performing update step for 'spglib_build'
[2/8] No patch step for 'spglib_build'
[3/8] cd /nfs/stak/users/anklesan/hpc-share/lammps/lammps/build_quick_reg_energy && /nfs/stak/a1/rhel5apps/spack/opt-el8/spack/linux-sandybridge/cmake-3.31.8-63trq3jyfruewhi5wdjkab43vuk4rxla/bin/cmake -DLAMMPS_DIR="/nfs/stak/users/anklesan/hpc-share/lammps/lammps" -DGIT_EXECUTABLE="/usr/bin/git" -DGIT_FOUND="TRUE" -DLAMMPS_STYLE_HEADERS_DIR="/nfs/stak/users/anklesan/hpc-share/lammps/lammps/build_quick_reg_energy/styles" -P /nfs/stak/users/anklesan/hpc-share/lammps/lammps/cmake/Modules/generate_lmpgitversion.cmake
-- Git Directory: /nfs/stak/users/anklesan/hpc-share/lammps/lammps/.git
-- Generating lmpgitversion.h...
[4/8] Performing configure step for 'spglib_build'
-- Build type: RelWithDebInfo
-- Configuring done (0.1s)
-- Generating done (0.1s)
-- Build files have been written to: /nfs/stak/users/anklesan/hpc-share/lammps/lammps/build_quick_reg_energy/phana_build/spglib_build_ext/src/spglib_build-build
[5/8] Performing build step for 'spglib_build'
ninja: no work to do.
[6/7] Performing install step for 'spglib_build'
-- Install configuration: "RelWithDebInfo"
-- Up-to-date: /nfs/stak/users/anklesan/hpc-share/lammps/lammps/build_quick_reg_energy/phana_build/spglib_build_ext/lib/libsymspg.a
-- Up-to-date: /nfs/stak/users/anklesan/hpc-share/lammps/lammps/build_quick_reg_energy/phana_build/spglib_build_ext/include/spglib.h
[7/7] Completed 'spglib_build'
[2026-01-12 18:15:54] [*] ANALYZE (metered)

Top-level example folder:
  examples

There are 764 input scripts in total under the examples folder.
[2026-01-12 18:16:03] [*] RUN idx=2 (metered)

Input scripts to test as listed in the file:
  input-list-2.txt

There are 96 input scripts listed in input-list-2.txt.

Regression test configuration file:
  /scratch/projects/anklesan/lammps/fullreg_energy_work/work_2/tools/regression-tests/config_serial.yaml

LAMMPS build info:
  - OS: Linux "Rocky Linux 8.10 (Green Obsidian)" 4.18.0-477.27.1.el8_8.x86_64 x86_64
  - Git info (develop / patch_10Dec2025-46-g97341a839f)
  - Compiler: GNU C++ 12.4.0 with OpenMP 4.5
  - Active compile flags:  -DLAMMPS_GZIP -DLAMMPS_PNG -DLAMMPS_JPEG -DLAMMPS_CURL -DLAMMPS_SMALLBIG
  - List of 73 installed packages:
AMOEBA ASPHERE BOCS BODY BPM BROWNIAN CG-DNA CG-SPICA CLASS2 COLLOID COLVARS COMPRESS CORESHELL DIELECTRIC DIFFRACTION DIPOLE DPD-BASIC DPD-MESO DPD-REACT DPD-SMOOTH DRUDE EFF ELECTRODE EXTRA-COMMAND EXTRA-COMPUTE EXTRA-DUMP EXTRA-FIX EXTRA-MOLECULE EXTRA-PAIR FEP GRANULAR INTERLAYER KSPACE LEPTON MACHDYN MANIFOLD MANYBODY MC MEAM MESONT MISC ML-IAP ML-PACE ML-POD ML-RANN ML-SNAP ML-UF3 MOFFF MOLECULE OPENMP OPT ORIENT PERI PHONON PLUGIN PTM PYTHON QEQ QTB REACTION REAXFF REPLICA RHEO RIGID SHOCK SMTBQ SPH SPIN SRD TALLY UEF VORONOI YAFF 

Working directory: /scratch/projects/anklesan/lammps/fullreg_energy_work/work_2
--------------------------------------------------------------------------------
Entering examples/PACKAGES/extep
1 input script(s) to be tested: ['in.extep-bn']
   + in.extep-bn (1/1)
     3 abs diff checks failed.
     3 rel diff checks failed.
--------------------------------------------------------------------------------
Entering examples/PACKAGES/fep/C7inEthanol/fep01
1 input script(s) to be tested: ['in.insertion']
   + in.insertion (1/1)
     Timeout for: /scratch/projects/anklesan/lammps/fullreg_energy_work/work_2/build/lmp -in in.insertion -cite none -log log.insertion.1 (180s expired)
     failed, no Total wall time in the output.

--------------------------------------------------------------------------------
Entering examples/PACKAGES/fep/C7inEthanol/fep10
1 input script(s) to be tested: ['in.deletion']
   + in.deletion (1/1)
     Timeout for: /scratch/projects/anklesan/lammps/fullreg_energy_work/work_2/build/lmp -in in.deletion -cite none -log log.deletion.1 (180s expired)
     failed, no Total wall time in the output.

--------------------------------------------------------------------------------
Entering examples/PACKAGES/fep/CC-CO/fep01
1 input script(s) to be tested: ['in.fep01.lmp']
   + in.fep01.lmp (1/1)
     Timeout for: /scratch/projects/anklesan/lammps/fullreg_energy_work/work_2/build/lmp -in in.fep01.lmp -cite none -log log.fep01.lmp.1 (180s expired)
     failed, no Total wall time in the output.

--------------------------------------------------------------------------------
Entering examples/PACKAGES/fep/CC-CO/fep10
1 input script(s) to be tested: ['in.fep10.lmp']
   + in.fep10.lmp (1/1)
     Timeout for: /scratch/projects/anklesan/lammps/fullreg_energy_work/work_2/build/lmp -in in.fep10.lmp -cite none -log log.fep10.lmp.1 (180s expired)
     failed, no Total wall time in the output.

--------------------------------------------------------------------------------
Entering examples/PACKAGES/fep/CH4-CF4/bar01
1 input script(s) to be tested: ['in.bar01.lmp']
   + in.bar01.lmp (1/1)
     Timeout for: /scratch/projects/anklesan/lammps/fullreg_energy_work/work_2/build/lmp -in in.bar01.lmp -cite none -log log.bar01.lmp.1 (180s expired)
     failed, no Total wall time in the output.

--------------------------------------------------------------------------------
Entering examples/PACKAGES/fep/CH4-CF4/bar10
1 input script(s) to be tested: ['in.bar10.lmp']
   + in.bar10.lmp (1/1)
     Timeout for: /scratch/projects/anklesan/lammps/fullreg_energy_work/work_2/build/lmp -in in.bar10.lmp -cite none -log log.bar10.lmp.1 (180s expired)
     failed, no Total wall time in the output.

--------------------------------------------------------------------------------
Entering examples/PACKAGES/fep/CH4-CF4/fep01
1 input script(s) to be tested: ['in.fep01.lmp']
   + in.fep01.lmp (1/1)
     Timeout for: /scratch/projects/anklesan/lammps/fullreg_energy_work/work_2/build/lmp -in in.fep01.lmp -cite none -log log.fep01.lmp.1 (180s expired)
     failed, no Total wall time in the output.

--------------------------------------------------------------------------------
Entering examples/PACKAGES/fep/CH4-CF4/fep10
1 input script(s) to be tested: ['in.fep10.lmp']
   + in.fep10.lmp (1/1)
     Timeout for: /scratch/projects/anklesan/lammps/fullreg_energy_work/work_2/build/lmp -in in.fep10.lmp -cite none -log log.fep10.lmp.1 (180s expired)
     failed, no Total wall time in the output.

--------------------------------------------------------------------------------
Entering examples/PACKAGES/fep/CH4hyd/fdti01
1 input script(s) to be tested: ['in.fdti01.lmp']
   + in.fdti01.lmp (1/1)
     Timeout for: /scratch/projects/anklesan/lammps/fullreg_energy_work/work_2/build/lmp -in in.fdti01.lmp -cite none -log log.fdti01.lmp.1 (180s expired)
     failed, no Total wall time in the output.

--------------------------------------------------------------------------------
Entering examples/PACKAGES/fep/CH4hyd/fdti10
1 input script(s) to be tested: ['in.fdti10.lmp']
   + in.fdti10.lmp (1/1)
     Timeout for: /scratch/projects/anklesan/lammps/fullreg_energy_work/work_2/build/lmp -in in.fdti10.lmp -cite none -log log.fdti10.lmp.1 (180s expired)
     failed, no Total wall time in the output.

--------------------------------------------------------------------------------
Entering examples/PACKAGES/fep/CH4hyd/fep01
1 input script(s) to be tested: ['in.fep01.lmp']
   + in.fep01.lmp (1/1)
     Timeout for: /scratch/projects/anklesan/lammps/fullreg_energy_work/work_2/build/lmp -in in.fep01.lmp -cite none -log log.fep01.lmp.1 (180s expired)
     failed, no Total wall time in the output.

--------------------------------------------------------------------------------
Entering examples/PACKAGES/fep/CH4hyd/fep10
1 input script(s) to be tested: ['in.fep10.lmp']
   + in.fep10.lmp (1/1)
     Timeout for: /scratch/projects/anklesan/lammps/fullreg_energy_work/work_2/build/lmp -in in.fep10.lmp -cite none -log log.fep10.lmp.1 (180s expired)
     failed, no Total wall time in the output.

--------------------------------------------------------------------------------
Entering examples/PACKAGES/fep/ta
1 input script(s) to be tested: ['in.spce.lmp']
   + in.spce.lmp (1/1)
     Timeout for: /scratch/projects/anklesan/lammps/fullreg_energy_work/work_2/build/lmp -in in.spce.lmp -cite none -log log.spce.lmp.1 (180s expired)
     failed, no Total wall time in the output.

--------------------------------------------------------------------------------
Entering examples/PACKAGES/filter_corotate
2 input script(s) to be tested: ['in.bpti', 'in.peptide']
   + in.bpti (1/2)
    Error parsing log.bpti.1 at line 9, column 13.
   + in.peptide (2/2)
     3 abs diff checks failed.
     3 rel diff checks failed.
--------------------------------------------------------------------------------
Entering examples/PACKAGES/flow_gauss
1 input script(s) to be tested: ['in.GD']
   + in.GD (1/1)
     all 16 checks passed.
--------------------------------------------------------------------------------
Entering examples/PACKAGES/gauss_diel
3 input script(s) to be tested: ['in.gauss-diel', 'in.gauss-diel-cg', 'in.gauss-diel-split']
   + in.gauss-diel (1/3)
    Error parsing log.gauss-diel.1 at line 3, column 13.
   + in.gauss-diel-cg (2/3)
    Error parsing log.gauss-diel-cg.1 at line 3, column 13.
   + in.gauss-diel-split (3/3)
    Error parsing log.gauss-diel-split.1 at line 3, column 13.
--------------------------------------------------------------------------------
Entering examples/PACKAGES/gle
2 input script(s) to be tested: ['in.h2o-quantum', 'in.h2o-smart']
   + in.h2o-quantum (1/2)
     3 abs diff checks failed.
     3 rel diff checks failed.
   + in.h2o-smart (2/2)
     3 abs diff checks failed.
     3 rel diff checks failed.
--------------------------------------------------------------------------------
Entering examples/PACKAGES/grem/lj-6rep
1 input script(s) to be tested: ['in.gREM']
   + in.gREM (1/1)
failed, ERROR: Cannot open file restart_file: No such file or directory (src/read_data.cpp:380).
--------------------------------------------------------------------------------
Entering examples/PACKAGES/grem/lj-single
2 input script(s) to be tested: ['in.gREM-npt', 'in.gREM-nvt']
   + in.gREM-npt (1/2)
       failed, cannot find the reference log file for in.gREM-npt with the expected format log.[date].gREM-npt.*.[nprocs]
   + in.gREM-nvt (2/2)
       failed, cannot find the reference log file for in.gREM-nvt with the expected format log.[date].gREM-nvt.*.[nprocs]
--------------------------------------------------------------------------------
Entering examples/PACKAGES/grem/lj-temper
1 input script(s) to be tested: ['in.gREM-temper']
   + in.gREM-temper (1/1)
failed, ERROR: World variable count 4 doesn't match # of partitions 1 (src/variable.cpp:259).
--------------------------------------------------------------------------------
Entering examples/PACKAGES/hdnnp
2 input script(s) to be tested: ['in.hdnnp', 'in.hybrid']
   + in.hdnnp (1/2)
failed, unrecognized command, package not installed, ERROR: Unrecognized pair style 'hdnnp' is part of the ML-HDNNP package which is not enabled in this LAMMPS binary.
   + in.hybrid (2/2)
failed, unrecognized command, package not installed, ERROR: Unrecognized pair style 'hdnnp' is part of the ML-HDNNP package which is not enabled in this LAMMPS binary.
--------------------------------------------------------------------------------
Entering examples/PACKAGES/imd
9 input script(s) to be tested: ['in.bucky-plus-cnt', 'in.bucky-plus-cnt-gpu', 'in.deca-ala-solv-filter_imd', 'in.deca-ala-solv_imd', 'in.deca-ala-solv_imd_v3', 'in.deca-ala_imd', 'in.deca-ala_imd-gpu', 'in.melt_imd', 'in.melt_imd-gpu']
   + in.bucky-plus-cnt (1/9): skipped as specified in tools/regression-tests/config_serial.yaml
   + in.bucky-plus-cnt-gpu (2/9): skipped as specified in tools/regression-tests/config_serial.yaml
   + in.deca-ala-solv-filter_imd (3/9): skipped as specified in tools/regression-tests/config_serial.yaml
   + in.deca-ala-solv_imd (4/9): skipped as specified in tools/regression-tests/config_serial.yaml
   + in.deca-ala-solv_imd_v3 (5/9): skipped as specified in tools/regression-tests/config_serial.yaml
   + in.deca-ala_imd (6/9): skipped as specified in tools/regression-tests/config_serial.yaml
   + in.deca-ala_imd-gpu (7/9): skipped as specified in tools/regression-tests/config_serial.yaml
   + in.melt_imd (8/9): skipped as specified in tools/regression-tests/config_serial.yaml
   + in.melt_imd-gpu (9/9): skipped as specified in tools/regression-tests/config_serial.yaml
--------------------------------------------------------------------------------
Entering examples/PACKAGES/interlayer/aip_water_2dm
2 input script(s) to be tested: ['in.gr_water', 'in.gr_water.opt']
   + in.gr_water (1/2)
     2 abs diff checks failed.
     2 rel diff checks failed.
   + in.gr_water.opt (2/2)
     2 abs diff checks failed.
     2 rel diff checks failed.
--------------------------------------------------------------------------------
Entering examples/PACKAGES/interlayer/drip
2 input script(s) to be tested: ['in.CH_drip', 'in.C_drip']
   + in.CH_drip (1/2)
     2 abs diff checks failed.
     2 rel diff checks failed.
   + in.C_drip (2/2)
     all 6 checks passed.
--------------------------------------------------------------------------------
Entering examples/PACKAGES/interlayer/ilp_graphene_hbn
4 input script(s) to be tested: ['in.bilayer-graphene', 'in.bilayer-hBN', 'in.grhBN', 'in.ilp_graphene_hbn']
   + in.bilayer-graphene (1/4)
     all 6 checks passed.
   + in.bilayer-hBN (2/4)
     all 6 checks passed.
   + in.grhBN (3/4)
     all 6 checks passed.
   + in.ilp_graphene_hbn (4/4)
     all 6 checks passed.
--------------------------------------------------------------------------------
Entering examples/PACKAGES/interlayer/ilp_tmds
1 input script(s) to be tested: ['in.mos2']
   + in.mos2 (1/1)
     1 abs diff checks failed.
     1 rel diff checks failed.
--------------------------------------------------------------------------------
Entering examples/PACKAGES/interlayer/kolmogorov_crespi_full
1 input script(s) to be tested: ['in.bilayer-graphene']
   + in.bilayer-graphene (1/1)
--------------------------------------------------------------------------------
Entering examples/PACKAGES/interlayer/kolmogorov_crespi_z
2 input script(s) to be tested: ['in.atom-diffusion', 'in.bilayer-graphene']
   + in.atom-diffusion (1/2)
     all 6 checks passed.
   + in.bilayer-graphene (2/2)
     all 6 checks passed.
--------------------------------------------------------------------------------
Entering examples/PACKAGES/interlayer/saip_metal
1 input script(s) to be tested: ['in.gold_gr']
   + in.gold_gr (1/1)
     all 6 checks passed.
--------------------------------------------------------------------------------
Entering examples/PACKAGES/interlayer/saip_metal_tmd
1 input script(s) to be tested: ['in.au_mos2']
   + in.au_mos2 (1/1)
     3 abs diff checks failed.
     2 rel diff checks failed.
--------------------------------------------------------------------------------
Entering examples/PACKAGES/ipi
1 input script(s) to be tested: ['in.graphene']
   + in.graphene (1/1)
failed, ERROR on proc 0: Error opening UNIX socket: server may not be running or the path to the socket unavailable (src/MISC/fix_ipi.cpp:129).
--------------------------------------------------------------------------------
Entering examples/PACKAGES/latboltz/confined_colloid
1 input script(s) to be tested: ['in.confined_colloids']
   + in.confined_colloids (1/1)
failed, unrecognized command, package not installed, ERROR: Unrecognized fix style 'lb/fluid' is part of the LATBOLTZ package which is not enabled in this LAMMPS binary.
--------------------------------------------------------------------------------
Entering examples/PACKAGES/latboltz/diffusingsphere
1 input script(s) to be tested: ['in.trapnewsphere']
   + in.trapnewsphere (1/1)
failed, unrecognized command, package not installed, ERROR: Unrecognized fix style 'lb/fluid' is part of the LATBOLTZ package which is not enabled in this LAMMPS binary.
--------------------------------------------------------------------------------
Entering examples/PACKAGES/latboltz/dragforce
1 input script(s) to be tested: ['in.dragtest']
   + in.dragtest (1/1)
failed, unrecognized command, package not installed, ERROR: Unrecognized fix style 'lb/fluid' is part of the LATBOLTZ package which is not enabled in this LAMMPS binary.
--------------------------------------------------------------------------------
Entering examples/PACKAGES/latboltz/microrheology
1 input script(s) to be tested: ['in.microrheology']
   + in.microrheology (1/1)
failed, unrecognized command, package not installed, ERROR: Unrecognized fix style 'lb/fluid' is part of the LATBOLTZ package which is not enabled in this LAMMPS binary.
--------------------------------------------------------------------------------
Entering examples/PACKAGES/latboltz/pit_geometry
1 input script(s) to be tested: ['in.pits']
   + in.pits (1/1)
failed, unrecognized command, package not installed, ERROR: Unrecognized fix style 'lb/fluid' is part of the LATBOLTZ package which is not enabled in this LAMMPS binary.
--------------------------------------------------------------------------------
Entering examples/PACKAGES/latboltz/planewall
1 input script(s) to be tested: ['in.planewall']
   + in.planewall (1/1)
failed, unrecognized command, package not installed, ERROR: Unrecognized fix style 'lb/fluid' is part of the LATBOLTZ package which is not enabled in this LAMMPS binary.
--------------------------------------------------------------------------------
Entering examples/PACKAGES/latboltz/polymer
1 input script(s) to be tested: ['in.polymer']
   + in.polymer (1/1)
failed, unrecognized command, package not installed, ERROR: Unrecognized fix style 'lb/fluid' is part of the LATBOLTZ package which is not enabled in this LAMMPS binary.
--------------------------------------------------------------------------------
Entering examples/PACKAGES/latboltz/toycar
1 input script(s) to be tested: ['in.toycar']
   + in.toycar (1/1)
     Timeout for: /scratch/projects/anklesan/lammps/fullreg_energy_work/work_2/build/lmp -in in.toycar -cite none -log log.toycar.1 (180s expired)
     failed, no Total wall time in the output.

--------------------------------------------------------------------------------
Entering examples/PACKAGES/latboltz/translocation
1 input script(s) to be tested: ['in.translocation']
   + in.translocation (1/1)
failed, unrecognized command, package not installed, ERROR: Unrecognized fix style 'lb/fluid' is part of the LATBOLTZ package which is not enabled in this LAMMPS binary.
--------------------------------------------------------------------------------
Entering examples/PACKAGES/local_density/benzene_water
1 input script(s) to be tested: ['in.benzene_water']
   + in.benzene_water (1/1)
    completed, but no Step nor Loop in the output.

--------------------------------------------------------------------------------
Entering examples/PACKAGES/local_density/methanol_implicit_water
1 input script(s) to be tested: ['in.methanol_implicit_water']
   + in.methanol_implicit_water (1/1)
    completed, but no Step nor Loop in the output.

--------------------------------------------------------------------------------
Entering examples/PACKAGES/machdyn/aluminum_strip_pull
1 input script(s) to be tested: ['in.aluminum_strip_pull']
   + in.aluminum_strip_pull (1/1)
     all 0 checks passed.
--------------------------------------------------------------------------------
Entering examples/PACKAGES/machdyn/fluid_structure_interaction
1 input script(s) to be tested: ['in.fluid_structure_interaction']
   + in.fluid_structure_interaction (1/1)
failed, ERROR on proc 0: Atoms have moved too far apart (-0.4431671722494083) for minimum image.
--------------------------------------------------------------------------------
Entering examples/PACKAGES/machdyn/funnel_flow
1 input script(s) to be tested: ['in.funnel_flow']
   + in.funnel_flow (1/1)
     all 8 checks passed.
--------------------------------------------------------------------------------
Entering examples/PACKAGES/machdyn/rubber_rings_3d
1 input script(s) to be tested: ['in.rubber_rings_3d']
   + in.rubber_rings_3d (1/1)
     all 2 checks passed.
--------------------------------------------------------------------------------
Entering examples/PACKAGES/machdyn/rubber_strip_pull
1 input script(s) to be tested: ['in.rubber_strip_pull']
   + in.rubber_strip_pull (1/1)
     all 0 checks passed.
--------------------------------------------------------------------------------
Entering examples/PACKAGES/manybody_table
3 input script(s) to be tested: ['in.spce', 'in.spce2', 'in.spce_sw']
   + in.spce (1/3)
     all 6 checks passed.
   + in.spce2 (2/3)
     all 6 checks passed.
   + in.spce_sw (3/3)
     all 6 checks passed.
--------------------------------------------------------------------------------
Entering examples/PACKAGES/meam_spline
2 input script(s) to be tested: ['in.meam-spline.Si', 'in.meam-spline.TiO2']
   + in.meam-spline.Si (1/2)
     all 6 checks passed.
   + in.meam-spline.TiO2 (2/2)
     all 24 checks passed.
--------------------------------------------------------------------------------
Entering examples/PACKAGES/meam_sw_spline/Si
11 input script(s) to be tested: ['in.bcc', 'in.bcc_relax', 'in.dc', 'in.dc_relax', 'in.energy_conservation.meam.sw', 'in.fcc', 'in.fcc_relax', 'in.hcp_relax', 'in.sc', 'in.sc_relax', 'in.single_atom']
   + in.bcc (1/11)
     all 6 checks passed.
   + in.bcc_relax (2/11)
     all 12 checks passed.
   + in.dc (3/11)
     all 6 checks passed.
   + in.dc_relax (4/11)
     all 12 checks passed.
   + in.energy_conservation.meam.sw (5/11)
     all 4 checks passed.
   + in.fcc (6/11)
     all 6 checks passed.
   + in.fcc_relax (7/11)
     all 12 checks passed.
   + in.hcp_relax (8/11)
     all 12 checks passed.
   + in.sc (9/11)
     all 6 checks passed.
   + in.sc_relax (10/11)
     all 12 checks passed.
   + in.single_atom (11/11)
     all 6 checks passed.
--------------------------------------------------------------------------------
Entering examples/PACKAGES/meam_sw_spline/Ti
8 input script(s) to be tested: ['in.alpha', 'in.alpha_relaxation', 'in.beta', 'in.energy_conservation.meam.sw', 'in.fcc', 'in.hexagonal', 'in.omega', 'in.single_atom']
   + in.alpha (1/8)
     all 6 checks passed.
   + in.alpha_relaxation (2/8)
     all 12 checks passed.
   + in.beta (3/8)
     all 6 checks passed.
   + in.energy_conservation.meam.sw (4/8)
     2 abs diff checks failed.
     2 rel diff checks failed.
   + in.fcc (5/8)
     all 6 checks passed.
   + in.hexagonal (6/8)
     all 6 checks passed.
   + in.omega (7/8)
     all 6 checks passed.
   + in.single_atom (8/8)
     all 6 checks passed.
--------------------------------------------------------------------------------
Entering examples/PACKAGES/mesont
1 input script(s) to be tested: ['in.film_mesocnt']
   + in.film_mesocnt (1/1)
failed, ERROR on proc 0: cannot open mesocnt potential file C_10_10.mesocnt: No such file or directory (src/potential_file_reader.cpp:58).
--------------------------------------------------------------------------------
Entering examples/PACKAGES/mgpt
3 input script(s) to be tested: ['in.bcc0', 'in.vac0-bcc', 'in.vacmin-bcc']
   + in.bcc0 (1/3)
failed, unrecognized command, package not installed, ERROR: Unrecognized pair style 'mgpt' is part of the MGPT package which is not enabled in this LAMMPS binary.
   + in.vac0-bcc (2/3)
failed, unrecognized command, package not installed, ERROR: Unrecognized pair style 'mgpt' is part of the MGPT package which is not enabled in this LAMMPS binary.
   + in.vacmin-bcc (3/3)
failed, unrecognized command, package not installed, ERROR: Unrecognized pair style 'mgpt' is part of the MGPT package which is not enabled in this LAMMPS binary.

Summary:
  Total number of input scripts: 96
  - Skipped  : 9
  - Error    : 34
     - timeout  : 14
  - Completed: 53
     - failed   : 13
     - numerical tests passed: 36

Output:
  - List of failed inputs         : failure.yaml
  - Status of the tested inputs   : progress-2.yaml
  - Running log with screen output: run-2.log
  - Testing result in JUnit XML   : output-2.xml

[2026-01-12 19:23:44] [WARN] RAPL wrap detected on package-1; applied +max_range_uj=262143328850
[2026-01-12 19:23:44] [DONE] idx=2 energy_csv=/nfs/stak/users/anklesan/hpc-share/lammps/energy_results/full_regression/fullreg_energy_idx_2.csv artifacts=/nfs/stak/users/anklesan/hpc-share/lammps/energy_results/full_regression/full-regression-test-2.tar
