[2026-01-12 17:22:47] [*] START idx=0 host=cn-e01.hpc.engr.oregonstate.edu
[2026-01-12 17:22:47] [*] Repo: /nfs/stak/users/anklesan/hpc-share/lammps/lammps
[2026-01-12 17:22:47] [*] Out : /nfs/stak/users/anklesan/hpc-share/lammps/energy_results/full_regression
[2026-01-12 17:22:47] [*] Script log: /nfs/stak/users/anklesan/hpc-share/lammps/energy_results/full_regression/logs/fullreg-idx-0.log

[2026-01-12 17:22:47] [*] rsync repo -> /scratch/projects/anklesan/lammps/fullreg_energy_work/work_0
[2026-01-12 17:23:42] [*] Create venv + deps
[2026-01-12 17:23:55] [*] ccache reset
[2026-01-12 17:23:55] [*] BUILD (metered)
loading initial cache file cmake/presets/gcc.cmake
loading initial cache file cmake/presets/most.cmake
CMake Error: The source "/scratch/projects/anklesan/lammps/fullreg_energy_work/work_0/cmake/CMakeLists.txt" does not match the source "/nfs/stak/users/anklesan/hpc-share/lammps/lammps/cmake/CMakeLists.txt" used to generate cache.  Re-run cmake with a different source directory.
[0/2] Re-checking globbed directories...
[1/8] Performing update step for 'spglib_build'
[2/8] No patch step for 'spglib_build'
[3/8] cd /nfs/stak/users/anklesan/hpc-share/lammps/lammps/build_quick_reg_energy && /nfs/stak/a1/rhel5apps/spack/opt-el8/spack/linux-sandybridge/cmake-3.31.8-63trq3jyfruewhi5wdjkab43vuk4rxla/bin/cmake -DLAMMPS_DIR="/nfs/stak/users/anklesan/hpc-share/lammps/lammps" -DGIT_EXECUTABLE="/usr/bin/git" -DGIT_FOUND="TRUE" -DLAMMPS_STYLE_HEADERS_DIR="/nfs/stak/users/anklesan/hpc-share/lammps/lammps/build_quick_reg_energy/styles" -P /nfs/stak/users/anklesan/hpc-share/lammps/lammps/cmake/Modules/generate_lmpgitversion.cmake
-- Git Directory: /nfs/stak/users/anklesan/hpc-share/lammps/lammps/.git
-- Generating lmpgitversion.h...
[4/8] Performing configure step for 'spglib_build'
-- Build type: RelWithDebInfo
-- Configuring done (0.1s)
-- Generating done (0.0s)
-- Build files have been written to: /nfs/stak/users/anklesan/hpc-share/lammps/lammps/build_quick_reg_energy/phana_build/spglib_build_ext/src/spglib_build-build
[5/8] Performing build step for 'spglib_build'
ninja: no work to do.
[6/7] Performing install step for 'spglib_build'
-- Install configuration: "RelWithDebInfo"
-- Up-to-date: /nfs/stak/users/anklesan/hpc-share/lammps/lammps/build_quick_reg_energy/phana_build/spglib_build_ext/lib/libsymspg.a
-- Up-to-date: /nfs/stak/users/anklesan/hpc-share/lammps/lammps/build_quick_reg_energy/phana_build/spglib_build_ext/include/spglib.h
[7/7] Completed 'spglib_build'
[2026-01-12 17:23:58] [*] ANALYZE (metered)

Top-level example folder:
  examples

There are 764 input scripts in total under the examples folder.
[2026-01-12 17:24:02] [*] RUN idx=0 (metered)

Input scripts to test as listed in the file:
  input-list-0.txt

There are 96 input scripts listed in input-list-0.txt.

Regression test configuration file:
  /scratch/projects/anklesan/lammps/fullreg_energy_work/work_0/tools/regression-tests/config_serial.yaml

LAMMPS build info:
  - OS: Linux "Rocky Linux 8.10 (Green Obsidian)" 4.18.0-477.27.1.el8_8.x86_64 x86_64
  - Git info (develop / patch_10Dec2025-46-g97341a839f)
  - Compiler: GNU C++ 12.4.0 with OpenMP 4.5
  - Active compile flags:  -DLAMMPS_GZIP -DLAMMPS_PNG -DLAMMPS_JPEG -DLAMMPS_CURL -DLAMMPS_SMALLBIG
  - List of 73 installed packages:
AMOEBA ASPHERE BOCS BODY BPM BROWNIAN CG-DNA CG-SPICA CLASS2 COLLOID COLVARS COMPRESS CORESHELL DIELECTRIC DIFFRACTION DIPOLE DPD-BASIC DPD-MESO DPD-REACT DPD-SMOOTH DRUDE EFF ELECTRODE EXTRA-COMMAND EXTRA-COMPUTE EXTRA-DUMP EXTRA-FIX EXTRA-MOLECULE EXTRA-PAIR FEP GRANULAR INTERLAYER KSPACE LEPTON MACHDYN MANIFOLD MANYBODY MC MEAM MESONT MISC ML-IAP ML-PACE ML-POD ML-RANN ML-SNAP ML-UF3 MOFFF MOLECULE OPENMP OPT ORIENT PERI PHONON PLUGIN PTM PYTHON QEQ QTB REACTION REAXFF REPLICA RHEO RIGID SHOCK SMTBQ SPH SPIN SRD TALLY UEF VORONOI YAFF 

Working directory: /scratch/projects/anklesan/lammps/fullreg_energy_work/work_0
--------------------------------------------------------------------------------
Entering examples/ASPHERE/box
2 input script(s) to be tested: ['in.box', 'in.box.mp']
   + in.box (1/2)
     2 abs diff checks failed.
     3 rel diff checks failed.
   + in.box.mp (2/2)
     3 abs diff checks failed.
     3 rel diff checks failed.
--------------------------------------------------------------------------------
Entering examples/ASPHERE/dimer
2 input script(s) to be tested: ['in.dimer', 'in.dimer.mp']
   + in.dimer (1/2)
     3 abs diff checks failed.
     3 rel diff checks failed.
   + in.dimer.mp (2/2)
     3 abs diff checks failed.
     3 rel diff checks failed.
--------------------------------------------------------------------------------
Entering examples/ASPHERE/ellipsoid
2 input script(s) to be tested: ['in.ellipsoid', 'in.ellipsoid.mp']
   + in.ellipsoid (1/2)
     3 abs diff checks failed.
     4 rel diff checks failed.
   + in.ellipsoid.mp (2/2)
     3 abs diff checks failed.
     4 rel diff checks failed.
--------------------------------------------------------------------------------
Entering examples/ASPHERE/flat_membrane
1 input script(s) to be tested: ['in.flat_membrane']
   + in.flat_membrane (1/1)
     all 4 checks passed.
--------------------------------------------------------------------------------
Entering examples/ASPHERE/line
2 input script(s) to be tested: ['in.line', 'in.line.srd']
   + in.line (1/2)
     1 abs diff checks failed.
     1 rel diff checks failed.
   + in.line.srd (2/2)
     4 abs diff checks failed.
     4 rel diff checks failed.
--------------------------------------------------------------------------------
Entering examples/ASPHERE/poly
2 input script(s) to be tested: ['in.poly', 'in.poly.mp']
   + in.poly (1/2)
     3 abs diff checks failed.
     3 rel diff checks failed.
   + in.poly.mp (2/2)
     3 abs diff checks failed.
     3 rel diff checks failed.
--------------------------------------------------------------------------------
Entering examples/ASPHERE/star
2 input script(s) to be tested: ['in.star', 'in.star.mp']
   + in.star (1/2)
     2 abs diff checks failed.
     3 rel diff checks failed.
   + in.star.mp (2/2)
     3 abs diff checks failed.
     3 rel diff checks failed.
--------------------------------------------------------------------------------
Entering examples/ASPHERE/tri
1 input script(s) to be tested: ['in.tri.srd']
   + in.tri.srd (1/1)
     Timeout for: /scratch/projects/anklesan/lammps/fullreg_energy_work/work_0/build/lmp -in in.tri.srd -cite none -log log.tri.srd.1 (180s expired)
     failed, no Total wall time in the output.

--------------------------------------------------------------------------------
Entering examples/ASPHERE/vesicle
1 input script(s) to be tested: ['in.vesicle']
   + in.vesicle (1/1)
     all 4 checks passed.
--------------------------------------------------------------------------------
Entering examples/COUPLE/lammps_spparks
2 input script(s) to be tested: ['in.lammps', 'in.spparks']
   + in.lammps (1/2)
failed, ERROR: Cannot open file data.lammps: No such file or directory (src/read_data.cpp:380).
   + in.spparks (2/2)
failed, unknown command, package not installed, ERROR: Unknown command: seed		 56789 (src/input.cpp:316)
--------------------------------------------------------------------------------
Entering examples/COUPLE/multiple
1 input script(s) to be tested: ['in.chain']
   + in.chain (1/1)
       failed, cannot find the reference log file for in.chain with the expected format log.[date].chain.*.[nprocs]
--------------------------------------------------------------------------------
Entering examples/COUPLE/plugin
1 input script(s) to be tested: ['in.lj']
   + in.lj (1/1)
       failed, cannot find the reference log file for in.lj with the expected format log.[date].lj.*.[nprocs]
--------------------------------------------------------------------------------
Entering examples/COUPLE/python
1 input script(s) to be tested: ['in.fix_external']
   + in.fix_external (1/1)
    completed, but no Step nor Loop in the output.

--------------------------------------------------------------------------------
Entering examples/COUPLE/simple
1 input script(s) to be tested: ['in.lj']
   + in.lj (1/1)
       failed, cannot find the reference log file for in.lj with the expected format log.[date].lj.*.[nprocs]
--------------------------------------------------------------------------------
Entering examples/DIFFUSE
2 input script(s) to be tested: ['in.msd.2d', 'in.vacf.2d']
   + in.msd.2d (1/2)
       failed, cannot find the reference log file for in.msd.2d with the expected format log.[date].msd.2d.*.[nprocs]
   + in.vacf.2d (2/2)
       failed, cannot find the reference log file for in.vacf.2d with the expected format log.[date].vacf.2d.*.[nprocs]
--------------------------------------------------------------------------------
Entering examples/ELASTIC
1 input script(s) to be tested: ['in.elastic']
   + in.elastic (1/1)
       failed, cannot find the reference log file for in.elastic with the expected format log.[date].elastic.*.[nprocs]
--------------------------------------------------------------------------------
Entering examples/ELASTIC_T/BORN_MATRIX/Argon/Analytical
1 input script(s) to be tested: ['in.ljcov']
   + in.ljcov (1/1)
    Error parsing log.ljcov.1 at line 31, column 31.
--------------------------------------------------------------------------------
Entering examples/ELASTIC_T/BORN_MATRIX/Argon/Numdiff
1 input script(s) to be tested: ['in.ljcov']
   + in.ljcov (1/1)
    Error parsing log.ljcov.1 at line 31, column 31.
--------------------------------------------------------------------------------
Entering examples/ELASTIC_T/BORN_MATRIX/Silicon
1 input script(s) to be tested: ['in.elastic']
   + in.elastic (1/1)
--------------------------------------------------------------------------------
Entering examples/ELASTIC_T/DEFORMATION/Silicon
1 input script(s) to be tested: ['in.elastic']
   + in.elastic (1/1)
       failed, cannot find the reference log file for in.elastic with the expected format log.[date].elastic.*.[nprocs]
--------------------------------------------------------------------------------
Entering examples/HEAT
4 input script(s) to be tested: ['in.lj.ehex', 'in.lj.hex', 'in.spce.ehex', 'in.spce.hex']
   + in.lj.ehex (1/4)
     Timeout for: /scratch/projects/anklesan/lammps/fullreg_energy_work/work_0/build/lmp -in in.lj.ehex -cite none -log log.lj.ehex.1 (180s expired)
     failed, no Total wall time in the output.

   + in.lj.hex (2/4)
     Timeout for: /scratch/projects/anklesan/lammps/fullreg_energy_work/work_0/build/lmp -in in.lj.hex -cite none -log log.lj.hex.1 (180s expired)
     failed, no Total wall time in the output.

   + in.spce.ehex (3/4)
     Timeout for: /scratch/projects/anklesan/lammps/fullreg_energy_work/work_0/build/lmp -in in.spce.ehex -cite none -log log.spce.ehex.1 (180s expired)
     failed, no Total wall time in the output.
[2026-01-12 18:07:39] [*] START idx=0 host=cn-e12.hpc.engr.oregonstate.edu
[2026-01-12 18:07:39] [*] Repo: /nfs/stak/users/anklesan/hpc-share/lammps/lammps
[2026-01-12 18:07:39] [*] Out : /nfs/stak/users/anklesan/hpc-share/lammps/energy_results/full_regression
[2026-01-12 18:07:39] [*] Script log: /nfs/stak/users/anklesan/hpc-share/lammps/energy_results/full_regression/logs/fullreg-idx-0.log

[2026-01-12 18:07:39] [*] rsync repo -> /scratch/projects/anklesan/lammps/fullreg_energy_work/work_0
[2026-01-12 18:08:34] [*] Create venv + deps
[2026-01-12 18:08:47] [*] RAPL packages:
  - /sys/class/powercap/intel-rapl:0 (name=package-0) max_range_uj=262143328850
  - /sys/class/powercap/intel-rapl:1 (name=package-1) max_range_uj=262143328850
[2026-01-12 18:08:47] [*] ccache reset
[2026-01-12 18:08:48] [*] BUILD (metered)
loading initial cache file cmake/presets/gcc.cmake
loading initial cache file cmake/presets/most.cmake
CMake Error: The source "/scratch/projects/anklesan/lammps/fullreg_energy_work/work_0/cmake/CMakeLists.txt" does not match the source "/nfs/stak/users/anklesan/hpc-share/lammps/lammps/cmake/CMakeLists.txt" used to generate cache.  Re-run cmake with a different source directory.
[0/2] Re-checking globbed directories...
[1/8] Performing update step for 'spglib_build'
[2/8] No patch step for 'spglib_build'
[3/8] cd /nfs/stak/users/anklesan/hpc-share/lammps/lammps/build_quick_reg_energy && /nfs/stak/a1/rhel5apps/spack/opt-el8/spack/linux-sandybridge/cmake-3.31.8-63trq3jyfruewhi5wdjkab43vuk4rxla/bin/cmake -DLAMMPS_DIR="/nfs/stak/users/anklesan/hpc-share/lammps/lammps" -DGIT_EXECUTABLE="/usr/bin/git" -DGIT_FOUND="TRUE" -DLAMMPS_STYLE_HEADERS_DIR="/nfs/stak/users/anklesan/hpc-share/lammps/lammps/build_quick_reg_energy/styles" -P /nfs/stak/users/anklesan/hpc-share/lammps/lammps/cmake/Modules/generate_lmpgitversion.cmake
-- Git Directory: /nfs/stak/users/anklesan/hpc-share/lammps/lammps/.git
-- Generating lmpgitversion.h...
[4/8] Performing configure step for 'spglib_build'
-- Build type: RelWithDebInfo
-- Configuring done (0.1s)
-- Generating done (0.1s)
-- Build files have been written to: /nfs/stak/users/anklesan/hpc-share/lammps/lammps/build_quick_reg_energy/phana_build/spglib_build_ext/src/spglib_build-build
[5/8] Performing build step for 'spglib_build'
ninja: no work to do.
[6/7] Performing install step for 'spglib_build'
-- Install configuration: "RelWithDebInfo"
-- Up-to-date: /nfs/stak/users/anklesan/hpc-share/lammps/lammps/build_quick_reg_energy/phana_build/spglib_build_ext/lib/libsymspg.a
-- Up-to-date: /nfs/stak/users/anklesan/hpc-share/lammps/lammps/build_quick_reg_energy/phana_build/spglib_build_ext/include/spglib.h
[7/7] Completed 'spglib_build'
/nfs/stak/users/anklesan/hpc-share/lammps/lammps/workflow_energy_scripts/full_regression/full_regression_energy_onefile.sh: line 133: local: warning: start_arr: circular name reference
/nfs/stak/users/anklesan/hpc-share/lammps/lammps/workflow_energy_scripts/full_regression/full_regression_energy_onefile.sh: line 133: warning: start_arr: circular name reference
/nfs/stak/users/anklesan/hpc-share/lammps/lammps/workflow_energy_scripts/full_regression/full_regression_energy_onefile.sh: line 134: local: warning: end_arr: circular name reference
/nfs/stak/users/anklesan/hpc-share/lammps/lammps/workflow_energy_scripts/full_regression/full_regression_energy_onefile.sh: line 134: warning: end_arr: circular name reference
/nfs/stak/users/anklesan/hpc-share/lammps/lammps/workflow_energy_scripts/full_regression/full_regression_energy_onefile.sh: line 140: warning: start_arr: circular name reference
/nfs/stak/users/anklesan/hpc-share/lammps/lammps/workflow_energy_scripts/full_regression/full_regression_energy_onefile.sh: line 140: start_arr[$i]: unbound variable
[2026-01-12 18:13:40] [*] START idx=0 host=cn-e01.hpc.engr.oregonstate.edu
[2026-01-12 18:13:40] [*] Repo: /nfs/stak/users/anklesan/hpc-share/lammps/lammps
[2026-01-12 18:13:40] [*] Out : /nfs/stak/users/anklesan/hpc-share/lammps/energy_results/full_regression
[2026-01-12 18:13:40] [*] Script log: /nfs/stak/users/anklesan/hpc-share/lammps/energy_results/full_regression/logs/fullreg-idx-0.log

[2026-01-12 18:13:43] [*] rsync repo -> /scratch/projects/anklesan/lammps/fullreg_energy_work/work_0
[2026-01-12 18:14:49] [*] Create venv + deps
[2026-01-12 18:15:02] [*] RAPL packages:
  - /sys/class/powercap/intel-rapl:0 (name=package-0) max_range_uj=262143328850
  - /sys/class/powercap/intel-rapl:1 (name=package-1) max_range_uj=262143328850
[2026-01-12 18:15:02] [*] ccache reset
[2026-01-12 18:15:02] [*] BUILD (metered)
loading initial cache file cmake/presets/gcc.cmake
loading initial cache file cmake/presets/most.cmake
CMake Error: The source "/scratch/projects/anklesan/lammps/fullreg_energy_work/work_0/cmake/CMakeLists.txt" does not match the source "/nfs/stak/users/anklesan/hpc-share/lammps/lammps/cmake/CMakeLists.txt" used to generate cache.  Re-run cmake with a different source directory.
[0/2] Re-checking globbed directories...
[1/8] Performing update step for 'spglib_build'
[2/8] No patch step for 'spglib_build'
[3/8] cd /nfs/stak/users/anklesan/hpc-share/lammps/lammps/build_quick_reg_energy && /nfs/stak/a1/rhel5apps/spack/opt-el8/spack/linux-sandybridge/cmake-3.31.8-63trq3jyfruewhi5wdjkab43vuk4rxla/bin/cmake -DLAMMPS_DIR="/nfs/stak/users/anklesan/hpc-share/lammps/lammps" -DGIT_EXECUTABLE="/usr/bin/git" -DGIT_FOUND="TRUE" -DLAMMPS_STYLE_HEADERS_DIR="/nfs/stak/users/anklesan/hpc-share/lammps/lammps/build_quick_reg_energy/styles" -P /nfs/stak/users/anklesan/hpc-share/lammps/lammps/cmake/Modules/generate_lmpgitversion.cmake
-- Git Directory: /nfs/stak/users/anklesan/hpc-share/lammps/lammps/.git
-- Generating lmpgitversion.h...
[4/8] Performing configure step for 'spglib_build'
-- Build type: RelWithDebInfo
-- Configuring done (0.0s)
-- Generating done (0.0s)
-- Build files have been written to: /nfs/stak/users/anklesan/hpc-share/lammps/lammps/build_quick_reg_energy/phana_build/spglib_build_ext/src/spglib_build-build
[5/8] Performing build step for 'spglib_build'
ninja: no work to do.
[6/7] Performing install step for 'spglib_build'
-- Install configuration: "RelWithDebInfo"
-- Up-to-date: /nfs/stak/users/anklesan/hpc-share/lammps/lammps/build_quick_reg_energy/phana_build/spglib_build_ext/lib/libsymspg.a
-- Up-to-date: /nfs/stak/users/anklesan/hpc-share/lammps/lammps/build_quick_reg_energy/phana_build/spglib_build_ext/include/spglib.h
[7/7] Completed 'spglib_build'
[2026-01-12 18:15:05] [*] ANALYZE (metered)

Top-level example folder:
  examples

There are 764 input scripts in total under the examples folder.
[2026-01-12 18:15:09] [*] RUN idx=0 (metered)

Input scripts to test as listed in the file:
  input-list-0.txt

There are 96 input scripts listed in input-list-0.txt.

Regression test configuration file:
  /scratch/projects/anklesan/lammps/fullreg_energy_work/work_0/tools/regression-tests/config_serial.yaml

LAMMPS build info:
  - OS: Linux "Rocky Linux 8.10 (Green Obsidian)" 4.18.0-477.27.1.el8_8.x86_64 x86_64
  - Git info (develop / patch_10Dec2025-46-g97341a839f)
  - Compiler: GNU C++ 12.4.0 with OpenMP 4.5
  - Active compile flags:  -DLAMMPS_GZIP -DLAMMPS_PNG -DLAMMPS_JPEG -DLAMMPS_CURL -DLAMMPS_SMALLBIG
  - List of 73 installed packages:
AMOEBA ASPHERE BOCS BODY BPM BROWNIAN CG-DNA CG-SPICA CLASS2 COLLOID COLVARS COMPRESS CORESHELL DIELECTRIC DIFFRACTION DIPOLE DPD-BASIC DPD-MESO DPD-REACT DPD-SMOOTH DRUDE EFF ELECTRODE EXTRA-COMMAND EXTRA-COMPUTE EXTRA-DUMP EXTRA-FIX EXTRA-MOLECULE EXTRA-PAIR FEP GRANULAR INTERLAYER KSPACE LEPTON MACHDYN MANIFOLD MANYBODY MC MEAM MESONT MISC ML-IAP ML-PACE ML-POD ML-RANN ML-SNAP ML-UF3 MOFFF MOLECULE OPENMP OPT ORIENT PERI PHONON PLUGIN PTM PYTHON QEQ QTB REACTION REAXFF REPLICA RHEO RIGID SHOCK SMTBQ SPH SPIN SRD TALLY UEF VORONOI YAFF 

Working directory: /scratch/projects/anklesan/lammps/fullreg_energy_work/work_0
--------------------------------------------------------------------------------
Entering examples/ASPHERE/box
2 input script(s) to be tested: ['in.box', 'in.box.mp']
   + in.box (1/2)
     2 abs diff checks failed.
     3 rel diff checks failed.
   + in.box.mp (2/2)
     3 abs diff checks failed.
     3 rel diff checks failed.
--------------------------------------------------------------------------------
Entering examples/ASPHERE/dimer
2 input script(s) to be tested: ['in.dimer', 'in.dimer.mp']
   + in.dimer (1/2)
     3 abs diff checks failed.
     3 rel diff checks failed.
   + in.dimer.mp (2/2)
     3 abs diff checks failed.
     3 rel diff checks failed.
--------------------------------------------------------------------------------
Entering examples/ASPHERE/ellipsoid
2 input script(s) to be tested: ['in.ellipsoid', 'in.ellipsoid.mp']
   + in.ellipsoid (1/2)
     3 abs diff checks failed.
     4 rel diff checks failed.
   + in.ellipsoid.mp (2/2)
     3 abs diff checks failed.
     4 rel diff checks failed.
--------------------------------------------------------------------------------
Entering examples/ASPHERE/flat_membrane
1 input script(s) to be tested: ['in.flat_membrane']
   + in.flat_membrane (1/1)
     all 4 checks passed.
--------------------------------------------------------------------------------
Entering examples/ASPHERE/line
2 input script(s) to be tested: ['in.line', 'in.line.srd']
   + in.line (1/2)
     1 abs diff checks failed.
     1 rel diff checks failed.
   + in.line.srd (2/2)
     4 abs diff checks failed.
     4 rel diff checks failed.
--------------------------------------------------------------------------------
Entering examples/ASPHERE/poly
2 input script(s) to be tested: ['in.poly', 'in.poly.mp']
   + in.poly (1/2)
     3 abs diff checks failed.
     3 rel diff checks failed.
   + in.poly.mp (2/2)
     3 abs diff checks failed.
     3 rel diff checks failed.
--------------------------------------------------------------------------------
Entering examples/ASPHERE/star
2 input script(s) to be tested: ['in.star', 'in.star.mp']
   + in.star (1/2)
     2 abs diff checks failed.
     3 rel diff checks failed.
   + in.star.mp (2/2)
     3 abs diff checks failed.
     3 rel diff checks failed.
--------------------------------------------------------------------------------
Entering examples/ASPHERE/tri
1 input script(s) to be tested: ['in.tri.srd']
   + in.tri.srd (1/1)
     Timeout for: /scratch/projects/anklesan/lammps/fullreg_energy_work/work_0/build/lmp -in in.tri.srd -cite none -log log.tri.srd.1 (180s expired)
     failed, no Total wall time in the output.

--------------------------------------------------------------------------------
Entering examples/ASPHERE/vesicle
1 input script(s) to be tested: ['in.vesicle']
   + in.vesicle (1/1)
     all 4 checks passed.
--------------------------------------------------------------------------------
Entering examples/COUPLE/lammps_spparks
2 input script(s) to be tested: ['in.lammps', 'in.spparks']
   + in.lammps (1/2)
failed, ERROR: Cannot open file data.lammps: No such file or directory (src/read_data.cpp:380).
   + in.spparks (2/2)
failed, unknown command, package not installed, ERROR: Unknown command: seed		 56789 (src/input.cpp:316)
--------------------------------------------------------------------------------
Entering examples/COUPLE/multiple
1 input script(s) to be tested: ['in.chain']
   + in.chain (1/1)
       failed, cannot find the reference log file for in.chain with the expected format log.[date].chain.*.[nprocs]
--------------------------------------------------------------------------------
Entering examples/COUPLE/plugin
1 input script(s) to be tested: ['in.lj']
   + in.lj (1/1)
       failed, cannot find the reference log file for in.lj with the expected format log.[date].lj.*.[nprocs]
--------------------------------------------------------------------------------
Entering examples/COUPLE/python
1 input script(s) to be tested: ['in.fix_external']
   + in.fix_external (1/1)
    completed, but no Step nor Loop in the output.

--------------------------------------------------------------------------------
Entering examples/COUPLE/simple
1 input script(s) to be tested: ['in.lj']
   + in.lj (1/1)
       failed, cannot find the reference log file for in.lj with the expected format log.[date].lj.*.[nprocs]
--------------------------------------------------------------------------------
Entering examples/DIFFUSE
2 input script(s) to be tested: ['in.msd.2d', 'in.vacf.2d']
   + in.msd.2d (1/2)
       failed, cannot find the reference log file for in.msd.2d with the expected format log.[date].msd.2d.*.[nprocs]
   + in.vacf.2d (2/2)
       failed, cannot find the reference log file for in.vacf.2d with the expected format log.[date].vacf.2d.*.[nprocs]
--------------------------------------------------------------------------------
Entering examples/ELASTIC
1 input script(s) to be tested: ['in.elastic']
   + in.elastic (1/1)
       failed, cannot find the reference log file for in.elastic with the expected format log.[date].elastic.*.[nprocs]
--------------------------------------------------------------------------------
Entering examples/ELASTIC_T/BORN_MATRIX/Argon/Analytical
1 input script(s) to be tested: ['in.ljcov']
   + in.ljcov (1/1)
    Error parsing log.ljcov.1 at line 31, column 31.
--------------------------------------------------------------------------------
Entering examples/ELASTIC_T/BORN_MATRIX/Argon/Numdiff
1 input script(s) to be tested: ['in.ljcov']
   + in.ljcov (1/1)
    Error parsing log.ljcov.1 at line 31, column 31.
--------------------------------------------------------------------------------
Entering examples/ELASTIC_T/BORN_MATRIX/Silicon
1 input script(s) to be tested: ['in.elastic']
   + in.elastic (1/1)
--------------------------------------------------------------------------------
Entering examples/ELASTIC_T/DEFORMATION/Silicon
1 input script(s) to be tested: ['in.elastic']
   + in.elastic (1/1)
       failed, cannot find the reference log file for in.elastic with the expected format log.[date].elastic.*.[nprocs]
--------------------------------------------------------------------------------
Entering examples/HEAT
4 input script(s) to be tested: ['in.lj.ehex', 'in.lj.hex', 'in.spce.ehex', 'in.spce.hex']
   + in.lj.ehex (1/4)
     Timeout for: /scratch/projects/anklesan/lammps/fullreg_energy_work/work_0/build/lmp -in in.lj.ehex -cite none -log log.lj.ehex.1 (180s expired)
     failed, no Total wall time in the output.

   + in.lj.hex (2/4)
     Timeout for: /scratch/projects/anklesan/lammps/fullreg_energy_work/work_0/build/lmp -in in.lj.hex -cite none -log log.lj.hex.1 (180s expired)
     failed, no Total wall time in the output.

   + in.spce.ehex (3/4)
     Timeout for: /scratch/projects/anklesan/lammps/fullreg_energy_work/work_0/build/lmp -in in.spce.ehex -cite none -log log.spce.ehex.1 (180s expired)
     failed, no Total wall time in the output.

   + in.spce.hex (4/4)
     Timeout for: /scratch/projects/anklesan/lammps/fullreg_energy_work/work_0/build/lmp -in in.spce.hex -cite none -log log.spce.hex.1 (180s expired)
     failed, no Total wall time in the output.

--------------------------------------------------------------------------------
Entering examples/KAPPA
5 input script(s) to be tested: ['in.ehex', 'in.heat', 'in.heatflux', 'in.langevin', 'in.mp']
   + in.ehex (1/5)
       failed, cannot find the reference log file for in.ehex with the expected format log.[date].ehex.*.[nprocs]
   + in.heat (2/5)
     Timeout for: /scratch/projects/anklesan/lammps/fullreg_energy_work/work_0/build/lmp -in in.heat -cite none -log log.heat.1 (180s expired)
     failed, no Total wall time in the output.

   + in.heatflux (3/5)
     Timeout for: /scratch/projects/anklesan/lammps/fullreg_energy_work/work_0/build/lmp -in in.heatflux -cite none -log log.heatflux.1 (180s expired)
     failed, no Total wall time in the output.

   + in.langevin (4/5)
     Timeout for: /scratch/projects/anklesan/lammps/fullreg_energy_work/work_0/build/lmp -in in.langevin -cite none -log log.langevin.1 (180s expired)
     failed, no Total wall time in the output.

   + in.mp (5/5)
     Timeout for: /scratch/projects/anklesan/lammps/fullreg_energy_work/work_0/build/lmp -in in.mp -cite none -log log.mp.1 (180s expired)
     failed, no Total wall time in the output.

--------------------------------------------------------------------------------
Entering examples/LEPTON
1 input script(s) to be tested: ['in.efield-lepton']
   + in.efield-lepton (1/1)
     all 4 checks passed.
--------------------------------------------------------------------------------
Entering examples/MC-LOOP
1 input script(s) to be tested: ['in.mc']
   + in.mc (1/1)
     all 6010 checks passed.
--------------------------------------------------------------------------------
Entering examples/PACKAGES/addtorque_group
1 input script(s) to be tested: ['in.addtorque']
   + in.addtorque (1/1)
     all 12 checks passed.
--------------------------------------------------------------------------------
Entering examples/PACKAGES/adios/balance
2 input script(s) to be tested: ['in.adios_balance', 'in.adios_balance2']
   + in.adios_balance (1/2)
failed, unrecognized command, package not installed, ERROR: Unrecognized dump style 'custom/adios' is part of the ADIOS package which is not enabled in this LAMMPS binary.
   + in.adios_balance2 (2/2)
failed, unrecognized command, package not installed, ERROR: Unrecognized reader style 'adios' is part of the ADIOS package which is not enabled in this LAMMPS binary.
--------------------------------------------------------------------------------
Entering examples/PACKAGES/adios/rerun
3 input script(s) to be tested: ['in.first', 'in.read_dump', 'in.rerun']
   + in.first (1/3)
failed, unrecognized command, package not installed, ERROR: Unrecognized dump style 'custom/adios' is part of the ADIOS package which is not enabled in this LAMMPS binary.
   + in.read_dump (2/3)
failed, unrecognized command, package not installed, ERROR: Unrecognized reader style 'adios' is part of the ADIOS package which is not enabled in this LAMMPS binary.
   + in.rerun (3/3)
failed, unrecognized command, package not installed, ERROR: Unrecognized reader style 'adios' is part of the ADIOS package which is not enabled in this LAMMPS binary.
--------------------------------------------------------------------------------
Entering examples/PACKAGES/agni
2 input script(s) to be tested: ['in.adatom', 'in.vacancy']
   + in.adatom (1/2)
     all 2 checks passed.
   + in.vacancy (2/2)
     1 abs diff checks failed.
     2 rel diff checks failed.
--------------------------------------------------------------------------------
Entering examples/PACKAGES/alchemy
2 input script(s) to be tested: ['in.alloy', 'in.twowater']
   + in.alloy (1/2)
failed, ERROR: World variable count 2 doesn't match # of partitions 1 (src/variable.cpp:259).
   + in.twowater (2/2)
failed, ERROR: World variable count 2 doesn't match # of partitions 1 (src/variable.cpp:259).
--------------------------------------------------------------------------------
Entering examples/PACKAGES/apip
4 input script(s) to be tested: ['in.surface.balance', 'in.vacancy.const.lambda', 'in.vacancy.dynamic.lambda', 'in.validate']
   + in.surface.balance (1/4)
failed, unrecognized command, package not installed, ERROR: Unrecognized atom style 'apip' is part of the APIP package which is not enabled in this LAMMPS binary.
   + in.vacancy.const.lambda (2/4)
failed, unrecognized command, package not installed, ERROR: Unrecognized atom style 'apip' is part of the APIP package which is not enabled in this LAMMPS binary.
   + in.vacancy.dynamic.lambda (3/4)
failed, unrecognized command, package not installed, ERROR: Unrecognized atom style 'apip' is part of the APIP package which is not enabled in this LAMMPS binary.
   + in.validate (4/4)
failed, unrecognized command, package not installed, ERROR: Unrecognized atom style 'apip' is part of the APIP package which is not enabled in this LAMMPS binary.
--------------------------------------------------------------------------------
Entering examples/PACKAGES/basal
1 input script(s) to be tested: ['in.basal']
   + in.basal (1/1)
     Timeout for: /scratch/projects/anklesan/lammps/fullreg_energy_work/work_0/build/lmp -in in.basal -cite none -log log.basal.1 (180s expired)
     failed, no Total wall time in the output.

--------------------------------------------------------------------------------
Entering examples/PACKAGES/bocs
1 input script(s) to be tested: ['in.methanol']
   + in.methanol (1/1)
     4 abs diff checks failed.
     4 rel diff checks failed.
--------------------------------------------------------------------------------
Entering examples/PACKAGES/brownian/align_self
2 input script(s) to be tested: ['in.alignself_dipole', 'in.alignself_quat']
   + in.alignself_dipole (1/2)
     all 12 checks passed.
   + in.alignself_quat (2/2)
     1 abs diff checks failed.
     2 rel diff checks failed.
--------------------------------------------------------------------------------
Entering examples/PACKAGES/cauchy
1 input script(s) to be tested: ['in.cauchystat']
   + in.cauchystat (1/1)
     1 abs diff checks failed.
     1 rel diff checks failed.
--------------------------------------------------------------------------------
Entering examples/PACKAGES/cgdna/examples/lj_units/oxDNA/duplex1
1 input script(s) to be tested: ['in.duplex1']
   + in.duplex1 (1/1)
     all 6 checks passed.
--------------------------------------------------------------------------------
Entering examples/PACKAGES/cgdna/examples/lj_units/oxDNA/duplex2
1 input script(s) to be tested: ['in.duplex2']
   + in.duplex2 (1/1)
     all 6 checks passed.
--------------------------------------------------------------------------------
Entering examples/PACKAGES/cgdna/examples/lj_units/oxDNA/potential_file
1 input script(s) to be tested: ['in.duplex1']
   + in.duplex1 (1/1)
     all 6 checks passed.
--------------------------------------------------------------------------------
Entering examples/PACKAGES/cgdna/examples/lj_units/oxDNA2/dsring
1 input script(s) to be tested: ['in.dsring']
   + in.dsring (1/1)
     all 6 checks passed.
--------------------------------------------------------------------------------
Entering examples/PACKAGES/cgdna/examples/lj_units/oxDNA2/duplex1
1 input script(s) to be tested: ['in.duplex1']
   + in.duplex1 (1/1)
     all 6 checks passed.
--------------------------------------------------------------------------------
Entering examples/PACKAGES/cgdna/examples/lj_units/oxDNA2/duplex2
1 input script(s) to be tested: ['in.duplex2']
   + in.duplex2 (1/1)
     all 6 checks passed.
--------------------------------------------------------------------------------
Entering examples/PACKAGES/cgdna/examples/lj_units/oxDNA2/duplex3
1 input script(s) to be tested: ['in.duplex3']
   + in.duplex3 (1/1)
     all 6 checks passed.
--------------------------------------------------------------------------------
Entering examples/PACKAGES/cgdna/examples/lj_units/oxDNA2/potential_file
1 input script(s) to be tested: ['in.duplex1']
   + in.duplex1 (1/1)
     all 6 checks passed.
--------------------------------------------------------------------------------
Entering examples/PACKAGES/cgdna/examples/lj_units/oxDNA2/unique_bp
2 input script(s) to be tested: ['in.duplex4.4type', 'in.duplex4.8type']
   + in.duplex4.4type (1/2)
     all 6 checks passed.
   + in.duplex4.8type (2/2)
     all 6 checks passed.
--------------------------------------------------------------------------------
Entering examples/PACKAGES/cgdna/examples/lj_units/oxRNA2/duplex2
1 input script(s) to be tested: ['in.duplex2']
   + in.duplex2 (1/1)
     all 6 checks passed.
--------------------------------------------------------------------------------
Entering examples/PACKAGES/cgdna/examples/lj_units/oxRNA2/potential_file
1 input script(s) to be tested: ['in.duplex2']
   + in.duplex2 (1/1)
     all 6 checks passed.
--------------------------------------------------------------------------------
Entering examples/PACKAGES/cgdna/examples/real_units/oxDNA/duplex1
1 input script(s) to be tested: ['in.duplex1']
   + in.duplex1 (1/1)
     all 6 checks passed.
--------------------------------------------------------------------------------
Entering examples/PACKAGES/cgdna/examples/real_units/oxDNA/duplex2
1 input script(s) to be tested: ['in.duplex2']
   + in.duplex2 (1/1)
     all 6 checks passed.
--------------------------------------------------------------------------------
Entering examples/PACKAGES/cgdna/examples/real_units/oxDNA/potential_file
1 input script(s) to be tested: ['in.duplex1']
   + in.duplex1 (1/1)
     all 6 checks passed.
--------------------------------------------------------------------------------
Entering examples/PACKAGES/cgdna/examples/real_units/oxDNA2/dsring
1 input script(s) to be tested: ['in.dsring']
   + in.dsring (1/1)
     all 6 checks passed.
--------------------------------------------------------------------------------
Entering examples/PACKAGES/cgdna/examples/real_units/oxDNA2/duplex1
1 input script(s) to be tested: ['in.duplex1']
   + in.duplex1 (1/1)
     all 6 checks passed.
--------------------------------------------------------------------------------
Entering examples/PACKAGES/cgdna/examples/real_units/oxDNA2/duplex2
1 input script(s) to be tested: ['in.duplex2']
   + in.duplex2 (1/1)
     all 6 checks passed.
--------------------------------------------------------------------------------
Entering examples/PACKAGES/cgdna/examples/real_units/oxDNA2/duplex3
1 input script(s) to be tested: ['in.duplex3']
   + in.duplex3 (1/1)
     all 6 checks passed.
--------------------------------------------------------------------------------
Entering examples/PACKAGES/cgdna/examples/real_units/oxDNA2/potential_file
1 input script(s) to be tested: ['in.duplex1']
   + in.duplex1 (1/1)
     all 6 checks passed.
--------------------------------------------------------------------------------
Entering examples/PACKAGES/cgdna/examples/real_units/oxDNA2/unique_bp
2 input script(s) to be tested: ['in.duplex4.4type', 'in.duplex4.8type']
   + in.duplex4.4type (1/2)
     all 6 checks passed.
   + in.duplex4.8type (2/2)
     all 6 checks passed.
--------------------------------------------------------------------------------
Entering examples/PACKAGES/cgdna/examples/real_units/oxRNA2/duplex2
1 input script(s) to be tested: ['in.duplex2']
   + in.duplex2 (1/1)
     1 rel diff checks failed.
--------------------------------------------------------------------------------
Entering examples/PACKAGES/cgdna/examples/real_units/oxRNA2/potential_file
1 input script(s) to be tested: ['in.duplex2']
   + in.duplex2 (1/1)
     1 rel diff checks failed.
--------------------------------------------------------------------------------
Entering examples/PACKAGES/cgspica/peg-verlet
2 input script(s) to be tested: ['in.pegc12e8', 'in.pegc12e8-angle']
   + in.pegc12e8 (1/2)
    Error parsing log.pegc12e8.1 at line 3, column 13.
   + in.pegc12e8-angle (2/2)
    Error parsing log.pegc12e8-angle.1 at line 3, column 13.
--------------------------------------------------------------------------------
Entering examples/PACKAGES/cgspica/sds-monolayer
2 input script(s) to be tested: ['in.sds-hybrid', 'in.sds-regular']
   + in.sds-hybrid (1/2)
     all 6 checks passed.
   + in.sds-regular (2/2)
     all 6 checks passed.
--------------------------------------------------------------------------------
Entering examples/PACKAGES/charge_regulation
3 input script(s) to be tested: ['in.chreg-acid', 'in.chreg-acid-real', 'in.chreg-polymer']
   + in.chreg-acid (1/3)
     1 abs diff checks failed.
     1 rel diff checks failed.
   + in.chreg-acid-real (2/3)
     1 abs diff checks failed.
     1 rel diff checks failed.
   + in.chreg-polymer (3/3)
     1 abs diff checks failed.
     1 rel diff checks failed.
--------------------------------------------------------------------------------
Entering examples/PACKAGES/cnp
1 input script(s) to be tested: ['in.cnp']
   + in.cnp (1/1)
       failed, cannot find the reference log file for in.cnp with the expected format log.[date].cnp.*.[nprocs]
--------------------------------------------------------------------------------
Entering examples/PACKAGES/colvars
4 input script(s) to be tested: ['in.peptide-colvars', 'in.peptide-colvars2', 'in.peptide-spring', 'in.peptide-spring2']
   + in.peptide-colvars (1/4)
    Error parsing log.peptide-colvars.1 at line 4, column 2.
   + in.peptide-colvars2 (2/4)
    Error parsing log.peptide-colvars2.1 at line 4, column 2.
   + in.peptide-spring (3/4)
     all 6 checks passed.
   + in.peptide-spring2 (4/4)
     all 6 checks passed.
--------------------------------------------------------------------------------
Entering examples/PACKAGES/dielectric
2 input script(s) to be tested: ['in.confined', 'in.nopbc']
   + in.confined (1/2)
       failed, cannot find the reference log file for in.confined with the expected format log.[date].confined.*.[nprocs]
   + in.nopbc (2/2)
       failed, cannot find the reference log file for in.nopbc with the expected format log.[date].nopbc.*.[nprocs]

Summary:
  Total number of input scripts: 96
  - Skipped  : 0
  - Error    : 24
     - timeout  : 10
  - Completed: 72
     - failed   : 32
     - numerical tests passed: 33

Output:
  - List of failed inputs         : failure.yaml
  - Status of the tested inputs   : progress-0.yaml
  - Running log with screen output: run-0.log
  - Testing result in JUnit XML   : output-0.xml

[2026-01-12 19:23:18] [DONE] idx=0 energy_csv=/nfs/stak/users/anklesan/hpc-share/lammps/energy_results/full_regression/fullreg_energy_idx_0.csv artifacts=/nfs/stak/users/anklesan/hpc-share/lammps/energy_results/full_regression/full-regression-test-0.tar
