INFO:__main__:
There are 96 input scripts listed in input-list-1.txt.
INFO:__main__:     Executing for reference walltime: /scratch/projects/anklesan/lammps/fullreg_energy_work/work_1/build/lmp -in /scratch/projects/anklesan/lammps/fullreg_energy_work/work_1/build/../bench/in.lj -v x 2 -v y 2 -v z 1 -cite none
INFO:__main__:     Reference walltime, sec = 7.0
INFO:__main__:Entering examples/PACKAGES/diffraction
INFO:__main__:   + in.BulkNi (1/1)
INFO:__main__:     Using 1 nprocs for in.BulkNi as enforced in the config file.
INFO:__main__:     WARNING: The maximum number of procs found from the reference log files is 1.
INFO:__main__:     Executing: /scratch/projects/anklesan/lammps/fullreg_energy_work/work_1/build/lmp -in in.BulkNi -cite none -log log.BulkNi.1
INFO:__main__:     Timeout for: /scratch/projects/anklesan/lammps/fullreg_energy_work/work_1/build/lmp -in in.BulkNi -cite none -log log.BulkNi.1 (180s expired)
INFO:__main__:     failed, no Total wall time in the output.

INFO:__main__:
in.BulkNi:
INFO:__main__:
    Output:

INFO:__main__:
    Error:
timeout (180s expired)
INFO:__main__:Entering examples/PACKAGES/dispersion
INFO:__main__:   + in.d2 (1/2)
INFO:__main__:     Using 1 nprocs for in.d2 as enforced in the config file.
INFO:__main__:     WARNING: The maximum number of procs found from the reference log files is 1.
INFO:__main__:     Executing: /scratch/projects/anklesan/lammps/fullreg_energy_work/work_1/build/lmp -in in.d2 -cite none -log log.d2.1
INFO:__main__:     Comparing thermo output from log.d2.1 against the reference log file log.20Dec2024.d2.g++.1
INFO:__main__:     all 8 checks passed.
INFO:__main__:   + in.d3 (2/2)
INFO:__main__:     Using 1 nprocs for in.d3 as enforced in the config file.
INFO:__main__:     WARNING: The maximum number of procs found from the reference log files is 1.
INFO:__main__:     Executing: /scratch/projects/anklesan/lammps/fullreg_energy_work/work_1/build/lmp -in in.d3 -cite none -log log.d3.1
INFO:__main__:     Comparing thermo output from log.d3.1 against the reference log file log.20Dec2024.d3.g++.1
INFO:__main__:     all 8 checks passed.
INFO:__main__:Entering examples/PACKAGES/dpd-basic/dpd
INFO:__main__:   + in.dpd (1/1)
INFO:__main__:     Using 1 nprocs for in.dpd as enforced in the config file.
INFO:__main__:     WARNING: The maximum number of procs found from the reference log files is 1.
INFO:__main__:     Executing: /scratch/projects/anklesan/lammps/fullreg_energy_work/work_1/build/lmp -in in.dpd -cite none -log log.dpd.1
INFO:__main__:     Comparing thermo output from log.dpd.1 against the reference log file log.5Apr22.dpd.g++.1
INFO:__main__:     2 abs diff checks failed.
INFO:__main__:        - Run 0: Temp: actual (6.58e-02) > expected (1.00e-04)
INFO:__main__:        - Run 0: Press: actual (3.13e-01) > expected (1.00e-04)
INFO:__main__:     2 rel diff checks failed.
INFO:__main__:        - Run 0: Temp: actual (7.44e-02) > expected (1.00e-07)
INFO:__main__:        - Run 0: Press: actual (4.14e-02) > expected (1.00e-07)
INFO:__main__:Entering examples/PACKAGES/dpd-basic/dpd_coul_slater_long
INFO:__main__:   + in.dpd_coul_slater_long (1/1)
INFO:__main__:     Using 1 nprocs for in.dpd_coul_slater_long as enforced in the config file.
INFO:__main__:     WARNING: The maximum number of procs found from the reference log files is 4.
INFO:__main__:     Executing: /scratch/projects/anklesan/lammps/fullreg_energy_work/work_1/build/lmp -in in.dpd_coul_slater_long -cite none -log log.dpd_coul_slater_long.1
INFO:__main__:       failed, cannot find the reference log file for in.dpd_coul_slater_long with the expected format log.[date].dpd_coul_slater_long.*.[nprocs]
INFO:__main__:       thermo.in.dpd_coul_slater_long.yaml also does not exist in the working directory.
INFO:__main__:Entering examples/PACKAGES/dpd-basic/dpd_tstat
INFO:__main__:   + in.dpd_tstat (1/1)
INFO:__main__:     Using 1 nprocs for in.dpd_tstat as enforced in the config file.
INFO:__main__:     WARNING: The maximum number of procs found from the reference log files is 1.
INFO:__main__:     Executing: /scratch/projects/anklesan/lammps/fullreg_energy_work/work_1/build/lmp -in in.dpd_tstat -cite none -log log.dpd_tstat.1
INFO:__main__:     Comparing thermo output from log.dpd_tstat.1 against the reference log file log.5Apr22.dpd_tstat.g++.1
INFO:__main__:     all 4 checks passed.
INFO:__main__:Entering examples/PACKAGES/dpd-basic/dpdext
INFO:__main__:   + in.dpdext (1/1)
INFO:__main__:     Using 1 nprocs for in.dpdext as enforced in the config file.
INFO:__main__:     WARNING: The maximum number of procs found from the reference log files is 1.
INFO:__main__:     Executing: /scratch/projects/anklesan/lammps/fullreg_energy_work/work_1/build/lmp -in in.dpdext -cite none -log log.dpdext.1
INFO:__main__:     Comparing thermo output from log.dpdext.1 against the reference log file log.10Mar21.dpdext.g++.1
INFO:__main__:     failed: Number of thermo steps in log.dpdext.1 (51)
INFO:__main__:     is different from that in the reference log (101) in run 0.
INFO:__main__:     mismatched num steps in the log files. Check both log files for more details.
INFO:__main__:Entering examples/PACKAGES/dpd-basic/dpdext_tstat
INFO:__main__:   + in.dpdext_tstat (1/1)
INFO:__main__:     Using 1 nprocs for in.dpdext_tstat as enforced in the config file.
INFO:__main__:     WARNING: The maximum number of procs found from the reference log files is 1.
INFO:__main__:     Executing: /scratch/projects/anklesan/lammps/fullreg_energy_work/work_1/build/lmp -in in.dpdext_tstat -cite none -log log.dpdext_tstat.1
INFO:__main__:     Comparing thermo output from log.dpdext_tstat.1 against the reference log file log.5Apr22.dpdext_tstat.g++.1
INFO:__main__:     all 4 checks passed.
INFO:__main__:Entering examples/PACKAGES/dpd-meso/edpd
INFO:__main__:   + in.edpd (1/2)
INFO:__main__:     Using 1 nprocs for in.edpd as enforced in the config file.
INFO:__main__:     WARNING: The maximum number of procs found from the reference log files is 1.
INFO:__main__:     Executing: /scratch/projects/anklesan/lammps/fullreg_energy_work/work_1/build/lmp -in in.edpd -cite none -log log.edpd.1
INFO:__main__:     Comparing thermo output from log.edpd.1 against the reference log file log.21Apr23.edpd.g++.1
INFO:__main__:     6 abs diff checks failed.
INFO:__main__:        - Run 0: Temp: actual (1.22e-02) > expected (1.00e-04)
INFO:__main__:        - Run 0: TotEng: actual (1.10e-02) > expected (1.00e-04)
INFO:__main__:        - Run 0: Press: actual (9.94e-01) > expected (1.00e-04)
INFO:__main__:        - Run 1: Temp: actual (3.89e-03) > expected (1.00e-04)
INFO:__main__:        - Run 1: TotEng: actual (1.14e-02) > expected (1.00e-04)
INFO:__main__:        - Run 1: Press: actual (1.51e+00) > expected (1.00e-04)
INFO:__main__:     6 rel diff checks failed.
INFO:__main__:        - Run 0: Temp: actual (1.22e-02) > expected (1.00e-07)
INFO:__main__:        - Run 0: TotEng: actual (2.44e-04) > expected (1.00e-07)
INFO:__main__:        - Run 0: Press: actual (5.11e-03) > expected (1.00e-07)
INFO:__main__:        - Run 1: Temp: actual (3.85e-03) > expected (1.00e-07)
INFO:__main__:        - Run 1: TotEng: actual (2.53e-04) > expected (1.00e-07)
INFO:__main__:        - Run 1: Press: actual (7.67e-03) > expected (1.00e-07)
INFO:__main__:   + in.edpd-region (2/2)
INFO:__main__:     Using 1 nprocs for in.edpd-region as enforced in the config file.
INFO:__main__:     WARNING: The maximum number of procs found from the reference log files is 1.
INFO:__main__:     Executing: /scratch/projects/anklesan/lammps/fullreg_energy_work/work_1/build/lmp -in in.edpd-region -cite none -log log.edpd-region.1
INFO:__main__:     Comparing thermo output from log.edpd-region.1 against the reference log file log.21Apr23.edpd-region.g++.1
INFO:__main__:     6 abs diff checks failed.
INFO:__main__:        - Run 0: Temp: actual (5.85e-04) > expected (1.00e-04)
INFO:__main__:        - Run 0: TotEng: actual (4.91e-03) > expected (1.00e-04)
INFO:__main__:        - Run 0: Press: actual (8.61e-01) > expected (1.00e-04)
INFO:__main__:        - Run 1: Temp: actual (1.20e-02) > expected (1.00e-04)
INFO:__main__:        - Run 1: TotEng: actual (4.39e-02) > expected (1.00e-04)
INFO:__main__:        - Run 1: Press: actual (1.66e+00) > expected (1.00e-04)
INFO:__main__:     6 rel diff checks failed.
INFO:__main__:        - Run 0: Temp: actual (5.85e-04) > expected (1.00e-07)
INFO:__main__:        - Run 0: TotEng: actual (1.09e-04) > expected (1.00e-07)
INFO:__main__:        - Run 0: Press: actual (4.42e-03) > expected (1.00e-07)
INFO:__main__:        - Run 1: Temp: actual (1.19e-02) > expected (1.00e-07)
INFO:__main__:        - Run 1: TotEng: actual (9.73e-04) > expected (1.00e-07)
INFO:__main__:        - Run 1: Press: actual (8.45e-03) > expected (1.00e-07)
INFO:__main__:Entering examples/PACKAGES/dpd-meso/mdpd
INFO:__main__:   + in.mdpd (1/1)
INFO:__main__:     Using 1 nprocs for in.mdpd as enforced in the config file.
INFO:__main__:     WARNING: The maximum number of procs found from the reference log files is 1.
INFO:__main__:     Executing: /scratch/projects/anklesan/lammps/fullreg_energy_work/work_1/build/lmp -in in.mdpd -cite none -log log.mdpd.1
INFO:__main__:     Comparing thermo output from log.mdpd.1 against the reference log file log.16Aug17.mdpd.g++.1
INFO:__main__:     3 abs diff checks failed.
INFO:__main__:        - Run 0: Temp: actual (6.64e-03) > expected (1.00e-04)
INFO:__main__:        - Run 0: TotEng: actual (8.03e-03) > expected (1.00e-04)
INFO:__main__:        - Run 0: Press: actual (6.96e-03) > expected (1.00e-04)
INFO:__main__:     3 rel diff checks failed.
INFO:__main__:        - Run 0: Temp: actual (6.59e-03) > expected (1.00e-07)
INFO:__main__:        - Run 0: TotEng: actual (1.49e-03) > expected (1.00e-07)
INFO:__main__:        - Run 0: Press: actual (1.44e-01) > expected (1.00e-07)
INFO:__main__:Entering examples/PACKAGES/dpd-meso/tdpd
INFO:__main__:   + in.tdpd (1/2)
INFO:__main__:     Using 1 nprocs for in.tdpd as enforced in the config file.
INFO:__main__:     WARNING: The maximum number of procs found from the reference log files is 1.
INFO:__main__:     Executing: /scratch/projects/anklesan/lammps/fullreg_energy_work/work_1/build/lmp -in in.tdpd -cite none -log log.tdpd.1
INFO:__main__:     Comparing thermo output from log.tdpd.1 against the reference log file log.21Apr23.tdpd.g++.1
INFO:__main__:     5 abs diff checks failed.
INFO:__main__:        - Run 0: Temp: actual (7.67e-03) > expected (1.00e-04)
INFO:__main__:        - Run 0: TotEng: actual (1.22e-02) > expected (1.00e-04)
INFO:__main__:        - Run 0: Press: actual (4.95e-01) > expected (1.00e-04)
INFO:__main__:        - Run 1: Temp: actual (2.27e-03) > expected (1.00e-04)
INFO:__main__:        - Run 1: Press: actual (8.29e-01) > expected (1.00e-04)
INFO:__main__:     6 rel diff checks failed.
INFO:__main__:        - Run 0: Temp: actual (7.67e-03) > expected (1.00e-07)
INFO:__main__:        - Run 0: TotEng: actual (2.69e-04) > expected (1.00e-07)
INFO:__main__:        - Run 0: Press: actual (2.50e-03) > expected (1.00e-07)
INFO:__main__:        - Run 1: Temp: actual (2.28e-03) > expected (1.00e-07)
INFO:__main__:        - Run 1: TotEng: actual (1.33e-07) > expected (1.00e-07)
INFO:__main__:        - Run 1: Press: actual (4.19e-03) > expected (1.00e-07)
INFO:__main__:   + in.tdpd-region (2/2)
INFO:__main__:     Using 1 nprocs for in.tdpd-region as enforced in the config file.
INFO:__main__:     WARNING: The maximum number of procs found from the reference log files is 1.
INFO:__main__:     Executing: /scratch/projects/anklesan/lammps/fullreg_energy_work/work_1/build/lmp -in in.tdpd-region -cite none -log log.tdpd-region.1
INFO:__main__:     Comparing thermo output from log.tdpd-region.1 against the reference log file log.21Apr23.tdpd-region.g++.1
INFO:__main__:     5 abs diff checks failed.
INFO:__main__:        - Run 0: Temp: actual (7.67e-03) > expected (1.00e-04)
INFO:__main__:        - Run 0: TotEng: actual (1.22e-02) > expected (1.00e-04)
INFO:__main__:        - Run 0: Press: actual (4.95e-01) > expected (1.00e-04)
INFO:__main__:        - Run 1: Temp: actual (2.27e-03) > expected (1.00e-04)
INFO:__main__:        - Run 1: Press: actual (8.29e-01) > expected (1.00e-04)
INFO:__main__:     6 rel diff checks failed.
INFO:__main__:        - Run 0: Temp: actual (7.67e-03) > expected (1.00e-07)
INFO:__main__:        - Run 0: TotEng: actual (2.69e-04) > expected (1.00e-07)
INFO:__main__:        - Run 0: Press: actual (2.50e-03) > expected (1.00e-07)
INFO:__main__:        - Run 1: Temp: actual (2.28e-03) > expected (1.00e-07)
INFO:__main__:        - Run 1: TotEng: actual (1.33e-07) > expected (1.00e-07)
INFO:__main__:        - Run 1: Press: actual (4.19e-03) > expected (1.00e-07)
INFO:__main__:Entering examples/PACKAGES/dpd-react/dpd-shardlow
INFO:__main__:   + in.dpd-shardlow (1/1)
INFO:__main__:     Using 1 nprocs for in.dpd-shardlow as enforced in the config file.
INFO:__main__:     WARNING: The maximum number of procs found from the reference log files is 4.
INFO:__main__:     Executing: /scratch/projects/anklesan/lammps/fullreg_energy_work/work_1/build/lmp -in in.dpd-shardlow -cite none -log log.dpd-shardlow.1
INFO:__main__:       failed, cannot find the reference log file for in.dpd-shardlow with the expected format log.[date].dpd-shardlow.*.[nprocs]
INFO:__main__:       thermo.in.dpd-shardlow.yaml also does not exist in the working directory.
INFO:__main__:Entering examples/PACKAGES/dpd-react/dpd-vv
INFO:__main__:   + in.dpd-vv (1/1)
INFO:__main__:     Using 1 nprocs for in.dpd-vv as enforced in the config file.
INFO:__main__:     WARNING: The maximum number of procs found from the reference log files is 4.
INFO:__main__:     Executing: /scratch/projects/anklesan/lammps/fullreg_energy_work/work_1/build/lmp -in in.dpd-vv -cite none -log log.dpd-vv.1
INFO:__main__:       failed, cannot find the reference log file for in.dpd-vv with the expected format log.[date].dpd-vv.*.[nprocs]
INFO:__main__:       thermo.in.dpd-vv.yaml also does not exist in the working directory.
INFO:__main__:Entering examples/PACKAGES/dpd-react/dpde-shardlow
INFO:__main__:   + in.dpde-shardlow (1/1)
INFO:__main__:     Using 1 nprocs for in.dpde-shardlow as enforced in the config file.
INFO:__main__:     WARNING: The maximum number of procs found from the reference log files is 4.
INFO:__main__:     Executing: /scratch/projects/anklesan/lammps/fullreg_energy_work/work_1/build/lmp -in in.dpde-shardlow -cite none -log log.dpde-shardlow.1
INFO:__main__:       failed, cannot find the reference log file for in.dpde-shardlow with the expected format log.[date].dpde-shardlow.*.[nprocs]
INFO:__main__:       thermo.in.dpde-shardlow.yaml also does not exist in the working directory.
INFO:__main__:Entering examples/PACKAGES/dpd-react/dpde-vv
INFO:__main__:   + in.dpde-vv (1/1)
INFO:__main__:     Using 1 nprocs for in.dpde-vv as enforced in the config file.
INFO:__main__:     WARNING: The maximum number of procs found from the reference log files is 4.
INFO:__main__:     Executing: /scratch/projects/anklesan/lammps/fullreg_energy_work/work_1/build/lmp -in in.dpde-vv -cite none -log log.dpde-vv.1
INFO:__main__:       failed, cannot find the reference log file for in.dpde-vv with the expected format log.[date].dpde-vv.*.[nprocs]
INFO:__main__:       thermo.in.dpde-vv.yaml also does not exist in the working directory.
INFO:__main__:Entering examples/PACKAGES/dpd-react/dpdh-shardlow
INFO:__main__:   + in.dpdh-shardlow (1/1)
INFO:__main__:     Using 1 nprocs for in.dpdh-shardlow as enforced in the config file.
INFO:__main__:     WARNING: The maximum number of procs found from the reference log files is 4.
INFO:__main__:     Executing: /scratch/projects/anklesan/lammps/fullreg_energy_work/work_1/build/lmp -in in.dpdh-shardlow -cite none -log log.dpdh-shardlow.1
INFO:__main__:       failed, cannot find the reference log file for in.dpdh-shardlow with the expected format log.[date].dpdh-shardlow.*.[nprocs]
INFO:__main__:       thermo.in.dpdh-shardlow.yaml also does not exist in the working directory.
INFO:__main__:Entering examples/PACKAGES/dpd-react/dpdp-shardlow
INFO:__main__:   + in.dpdp-shardlow (1/1)
INFO:__main__:     Using 1 nprocs for in.dpdp-shardlow as enforced in the config file.
INFO:__main__:     WARNING: The maximum number of procs found from the reference log files is 4.
INFO:__main__:     Executing: /scratch/projects/anklesan/lammps/fullreg_energy_work/work_1/build/lmp -in in.dpdp-shardlow -cite none -log log.dpdp-shardlow.1
INFO:__main__:       failed, cannot find the reference log file for in.dpdp-shardlow with the expected format log.[date].dpdp-shardlow.*.[nprocs]
INFO:__main__:       thermo.in.dpdp-shardlow.yaml also does not exist in the working directory.
INFO:__main__:Entering examples/PACKAGES/dpd-react/dpdrx-shardlow
INFO:__main__:   + in.dpdrx-shardlow (1/1)
INFO:__main__:     Using 1 nprocs for in.dpdrx-shardlow as enforced in the config file.
INFO:__main__:     WARNING: The maximum number of procs found from the reference log files is 4.
INFO:__main__:     Executing: /scratch/projects/anklesan/lammps/fullreg_energy_work/work_1/build/lmp -in in.dpdrx-shardlow -cite none -log log.dpdrx-shardlow.1
INFO:__main__:       failed, cannot find the reference log file for in.dpdrx-shardlow with the expected format log.[date].dpdrx-shardlow.*.[nprocs]
INFO:__main__:       thermo.in.dpdrx-shardlow.yaml also does not exist in the working directory.
INFO:__main__:Entering examples/PACKAGES/dpd-react/multi-lucy
INFO:__main__:   + in.multi-lucy (1/1)
INFO:__main__:     Using 1 nprocs for in.multi-lucy as enforced in the config file.
INFO:__main__:     WARNING: The maximum number of procs found from the reference log files is 4.
INFO:__main__:     Executing: /scratch/projects/anklesan/lammps/fullreg_energy_work/work_1/build/lmp -in in.multi-lucy -cite none -log log.multi-lucy.1
INFO:__main__:       failed, cannot find the reference log file for in.multi-lucy with the expected format log.[date].multi-lucy.*.[nprocs]
INFO:__main__:       thermo.in.multi-lucy.yaml also does not exist in the working directory.
INFO:__main__:Entering examples/PACKAGES/dpd-smooth/2d-diffusion-in-shear-flow
INFO:__main__:   + in.lammps (1/1)
INFO:__main__:     Using 1 nprocs for in.lammps as enforced in the config file.
INFO:__main__:     WARNING: The maximum number of procs found from the reference log files is 4.
INFO:__main__:     Executing: /scratch/projects/anklesan/lammps/fullreg_energy_work/work_1/build/lmp -in in.lammps -cite none -log log.lammps.1
INFO:__main__:       failed, cannot find the reference log file for in.lammps with the expected format log.[date].lammps.*.[nprocs]
INFO:__main__:       thermo.in.lammps.yaml also does not exist in the working directory.
INFO:__main__:Entering examples/PACKAGES/dpd-smooth/2d-diffusion
INFO:__main__:   + in.lammps (1/1)
INFO:__main__:     Using 1 nprocs for in.lammps as enforced in the config file.
INFO:__main__:     WARNING: The maximum number of procs found from the reference log files is 4.
INFO:__main__:     Executing: /scratch/projects/anklesan/lammps/fullreg_energy_work/work_1/build/lmp -in in.lammps -cite none -log log.lammps.1
INFO:__main__:       failed, cannot find the reference log file for in.lammps with the expected format log.[date].lammps.*.[nprocs]
INFO:__main__:       thermo.in.lammps.yaml also does not exist in the working directory.
INFO:__main__:Entering examples/PACKAGES/dpd-smooth/equipartition-verification
INFO:__main__:   + in.lammps (1/1)
INFO:__main__:     Using 1 nprocs for in.lammps as enforced in the config file.
INFO:__main__:     WARNING: The maximum number of procs found from the reference log files is 4.
INFO:__main__:     Executing: /scratch/projects/anklesan/lammps/fullreg_energy_work/work_1/build/lmp -in in.lammps -cite none -log log.lammps.1
INFO:__main__:       failed, cannot find the reference log file for in.lammps with the expected format log.[date].lammps.*.[nprocs]
INFO:__main__:       thermo.in.lammps.yaml also does not exist in the working directory.
INFO:__main__:Entering examples/PACKAGES/drude/butane
INFO:__main__:   + in.butane.lang (1/3)
INFO:__main__:     Using 1 nprocs for in.butane.lang as enforced in the config file.
INFO:__main__:     WARNING: The maximum number of procs found from the reference log files is 1.
INFO:__main__:     Executing: /scratch/projects/anklesan/lammps/fullreg_energy_work/work_1/build/lmp -in in.butane.lang -cite none -log log.butane.lang.1
INFO:__main__:     Comparing thermo output from log.butane.lang.1 against the reference log file log.14Jul25.butane.lang.g++.1
INFO:__main__:     3 abs diff checks failed.
INFO:__main__:        - Run 0: TotEng: actual (5.00e-04) > expected (1.00e-04)
INFO:__main__:        - Run 0: PotEng: actual (4.00e-04) > expected (1.00e-04)
INFO:__main__:        - Run 0: Press: actual (2.20e-04) > expected (1.00e-04)
INFO:__main__:     3 rel diff checks failed.
INFO:__main__:        - Run 0: TotEng: actual (1.56e-07) > expected (1.00e-07)
INFO:__main__:        - Run 0: PotEng: actual (3.41e-07) > expected (1.00e-07)
INFO:__main__:        - Run 0: Press: actual (5.85e-07) > expected (1.00e-07)
INFO:__main__:   + in.butane.nh (2/3)
INFO:__main__:     Using 1 nprocs for in.butane.nh as enforced in the config file.
INFO:__main__:     WARNING: The maximum number of procs found from the reference log files is 1.
INFO:__main__:     Executing: /scratch/projects/anklesan/lammps/fullreg_energy_work/work_1/build/lmp -in in.butane.nh -cite none -log log.butane.nh.1
INFO:__main__:     Comparing thermo output from log.butane.nh.1 against the reference log file log.14Jul25.butane.nh.g++.1
INFO:__main__:     3 abs diff checks failed.
INFO:__main__:        - Run 0: Temp: actual (2.50e-04) > expected (1.00e-04)
INFO:__main__:        - Run 0: PotEng: actual (2.60e-03) > expected (1.00e-04)
INFO:__main__:        - Run 0: Press: actual (1.55e-02) > expected (1.00e-04)
INFO:__main__:     4 rel diff checks failed.
INFO:__main__:        - Run 0: Temp: actual (1.31e-06) > expected (1.00e-07)
INFO:__main__:        - Run 0: PotEng: actual (2.38e-06) > expected (1.00e-07)
INFO:__main__:        - Run 0: E_vdwl: actual (3.82e-07) > expected (1.00e-07)
INFO:__main__:        - Run 0: Press: actual (1.65e-05) > expected (1.00e-07)
INFO:__main__:   + in.butane.tgnh (3/3)
INFO:__main__:     Using 1 nprocs for in.butane.tgnh as enforced in the config file.
INFO:__main__:     WARNING: The maximum number of procs found from the reference log files is 1.
INFO:__main__:     Executing: /scratch/projects/anklesan/lammps/fullreg_energy_work/work_1/build/lmp -in in.butane.tgnh -cite none -log log.butane.tgnh.1
INFO:__main__:     Comparing thermo output from log.butane.tgnh.1 against the reference log file log.14Jul25.butane.tgnh.g++.1
INFO:__main__:     4 abs diff checks failed.
INFO:__main__:        - Run 0: TotEng: actual (4.00e-04) > expected (1.00e-04)
INFO:__main__:        - Run 0: Temp: actual (1.50e-04) > expected (1.00e-04)
INFO:__main__:        - Run 0: PotEng: actual (1.20e-03) > expected (1.00e-04)
INFO:__main__:        - Run 0: Press: actual (6.54e-03) > expected (1.00e-04)
INFO:__main__:     4 rel diff checks failed.
INFO:__main__:        - Run 0: TotEng: actual (1.22e-07) > expected (1.00e-07)
INFO:__main__:        - Run 0: Temp: actual (8.17e-07) > expected (1.00e-07)
INFO:__main__:        - Run 0: PotEng: actual (9.39e-07) > expected (1.00e-07)
INFO:__main__:        - Run 0: Press: actual (6.94e-06) > expected (1.00e-07)
INFO:__main__:Entering examples/PACKAGES/drude/ethanol
INFO:__main__:   + in.ethanol.lang (1/3)
INFO:__main__:     Using 1 nprocs for in.ethanol.lang as enforced in the config file.
INFO:__main__:     WARNING: The maximum number of procs found from the reference log files is 1.
INFO:__main__:     Executing: /scratch/projects/anklesan/lammps/fullreg_energy_work/work_1/build/lmp -in in.ethanol.lang -cite none -log log.ethanol.lang.1
INFO:__main__:     Comparing thermo output from log.ethanol.lang.1 against the reference log file log.14Jul25.ethanol.lang.g++.1
INFO:__main__:     5 abs diff checks failed.
INFO:__main__:        - Run 0: TotEng: actual (3.49e-03) > expected (1.00e-04)
INFO:__main__:        - Run 0: Temp: actual (2.40e-04) > expected (1.00e-04)
INFO:__main__:        - Run 0: PotEng: actual (5.25e-03) > expected (1.00e-04)
INFO:__main__:        - Run 0: E_vdwl: actual (4.06e-03) > expected (1.00e-03)
INFO:__main__:        - Run 0: Press: actual (6.23e-02) > expected (1.00e-04)
INFO:__main__:     5 rel diff checks failed.
INFO:__main__:        - Run 0: TotEng: actual (5.85e-06) > expected (1.00e-07)
INFO:__main__:        - Run 0: Temp: actual (1.14e-06) > expected (1.00e-07)
INFO:__main__:        - Run 0: PotEng: actual (5.38e-06) > expected (1.00e-07)
INFO:__main__:        - Run 0: E_vdwl: actual (8.68e-06) > expected (1.00e-07)
INFO:__main__:        - Run 0: Press: actual (1.07e-04) > expected (1.00e-07)
INFO:__main__:   + in.ethanol.nh (2/3)
INFO:__main__:     Using 1 nprocs for in.ethanol.nh as enforced in the config file.
INFO:__main__:     WARNING: The maximum number of procs found from the reference log files is 1.
INFO:__main__:     Executing: /scratch/projects/anklesan/lammps/fullreg_energy_work/work_1/build/lmp -in in.ethanol.nh -cite none -log log.ethanol.nh.1
INFO:__main__:     Comparing thermo output from log.ethanol.nh.1 against the reference log file log.14Jul25.ethanol.nh.g++.1
INFO:__main__:     5 abs diff checks failed.
INFO:__main__:        - Run 0: TotEng: actual (1.07e+00) > expected (1.00e-04)
INFO:__main__:        - Run 0: Temp: actual (2.04e-01) > expected (1.00e-04)
INFO:__main__:        - Run 0: PotEng: actual (4.49e-01) > expected (1.00e-04)
INFO:__main__:        - Run 0: E_vdwl: actual (4.91e-01) > expected (1.00e-03)
INFO:__main__:        - Run 0: Press: actual (1.06e+01) > expected (1.00e-04)
INFO:__main__:     5 rel diff checks failed.
INFO:__main__:        - Run 0: TotEng: actual (1.55e-03) > expected (1.00e-07)
INFO:__main__:        - Run 0: Temp: actual (9.47e-04) > expected (1.00e-07)
INFO:__main__:        - Run 0: PotEng: actual (4.90e-04) > expected (1.00e-07)
INFO:__main__:        - Run 0: E_vdwl: actual (1.19e-03) > expected (1.00e-07)
INFO:__main__:        - Run 0: Press: actual (2.92e-01) > expected (1.00e-07)
INFO:__main__:   + in.ethanol.tgnh (3/3)
INFO:__main__:     Using 1 nprocs for in.ethanol.tgnh as enforced in the config file.
INFO:__main__:     WARNING: The maximum number of procs found from the reference log files is 1.
INFO:__main__:     Executing: /scratch/projects/anklesan/lammps/fullreg_energy_work/work_1/build/lmp -in in.ethanol.tgnh -cite none -log log.ethanol.tgnh.1
INFO:__main__:     Comparing thermo output from log.ethanol.tgnh.1 against the reference log file log.14Jul25.ethanol.tgnh.g++.1
INFO:__main__:     5 abs diff checks failed.
INFO:__main__:        - Run 0: TotEng: actual (1.85e+00) > expected (1.00e-04)
INFO:__main__:        - Run 0: Temp: actual (1.52e-01) > expected (1.00e-04)
INFO:__main__:        - Run 0: PotEng: actual (2.98e+00) > expected (1.00e-04)
INFO:__main__:        - Run 0: E_vdwl: actual (1.57e+00) > expected (1.00e-03)
INFO:__main__:        - Run 0: Press: actual (2.38e+01) > expected (1.00e-04)
INFO:__main__:     5 rel diff checks failed.
INFO:__main__:        - Run 0: TotEng: actual (2.94e-03) > expected (1.00e-07)
INFO:__main__:        - Run 0: Temp: actual (6.96e-04) > expected (1.00e-07)
INFO:__main__:        - Run 0: PotEng: actual (2.98e-03) > expected (1.00e-07)
INFO:__main__:        - Run 0: E_vdwl: actual (3.36e-03) > expected (1.00e-07)
INFO:__main__:        - Run 0: Press: actual (3.06e-02) > expected (1.00e-07)
INFO:__main__:Entering examples/PACKAGES/drude/ethylene_glycol
INFO:__main__:   + in.ethylene_glycol (1/1)
INFO:__main__:     Using 1 nprocs for in.ethylene_glycol as enforced in the config file.
INFO:__main__:     WARNING: The maximum number of procs found from the reference log files is 1.
INFO:__main__:     Executing: /scratch/projects/anklesan/lammps/fullreg_energy_work/work_1/build/lmp -in in.ethylene_glycol -cite none -log log.ethylene_glycol.1
INFO:__main__:     Comparing thermo output from log.ethylene_glycol.1 against the reference log file log.14Jul25.ethylene_glycol.g++.1
INFO:__main__:     4 abs diff checks failed.
INFO:__main__:        - Run 0: TotEng: actual (1.00e-04) > expected (1.00e-04)
INFO:__main__:        - Run 0: PotEng: actual (4.11e-02) > expected (1.00e-04)
INFO:__main__:        - Run 0: E_vdwl: actual (2.64e-03) > expected (1.00e-03)
INFO:__main__:        - Run 0: Press: actual (1.79e-01) > expected (1.00e-04)
INFO:__main__:     3 rel diff checks failed.
INFO:__main__:        - Run 0: PotEng: actual (1.43e-04) > expected (1.00e-07)
INFO:__main__:        - Run 0: E_vdwl: actual (9.36e-06) > expected (1.00e-07)
INFO:__main__:        - Run 0: Press: actual (6.11e-05) > expected (1.00e-07)
INFO:__main__:Entering examples/PACKAGES/drude/swm4-ndp
INFO:__main__:   + in.swm4-ndp.lang (1/2)
INFO:__main__:     Using 1 nprocs for in.swm4-ndp.lang as enforced in the config file.
INFO:__main__:     WARNING: The maximum number of procs found from the reference log files is 1.
INFO:__main__:     Executing: /scratch/projects/anklesan/lammps/fullreg_energy_work/work_1/build/lmp -in in.swm4-ndp.lang -cite none -log log.swm4-ndp.lang.1
INFO:__main__:     Comparing thermo output from log.swm4-ndp.lang.1 against the reference log file log.14Jul25.swm4-ndp.lang.g++.1
INFO:__main__:     5 abs diff checks failed.
INFO:__main__:        - Run 0: TotEng: actual (7.74e+01) > expected (1.00e-04)
INFO:__main__:        - Run 0: PotEng: actual (8.22e+01) > expected (1.00e-04)
INFO:__main__:        - Run 0: E_vdwl: actual (4.89e+00) > expected (1.00e-03)
INFO:__main__:        - Run 0: Press: actual (1.00e+02) > expected (1.00e-04)
INFO:__main__:        - Run 0: Temp: actual (1.07e+00) > expected (1.00e-04)
INFO:__main__:     5 rel diff checks failed.
INFO:__main__:        - Run 0: TotEng: actual (2.01e-02) > expected (1.00e-07)
INFO:__main__:        - Run 0: PotEng: actual (1.74e-02) > expected (1.00e-07)
INFO:__main__:        - Run 0: E_vdwl: actual (4.51e-03) > expected (1.00e-07)
INFO:__main__:        - Run 0: Press: actual (6.40e-01) > expected (1.00e-07)
INFO:__main__:        - Run 0: Temp: actual (5.43e-03) > expected (1.00e-07)
INFO:__main__:   + in.swm4-ndp.nh (2/2)
INFO:__main__:     Using 1 nprocs for in.swm4-ndp.nh as enforced in the config file.
INFO:__main__:     WARNING: The maximum number of procs found from the reference log files is 1.
INFO:__main__:     Executing: /scratch/projects/anklesan/lammps/fullreg_energy_work/work_1/build/lmp -in in.swm4-ndp.nh -cite none -log log.swm4-ndp.nh.1
INFO:__main__:     Comparing thermo output from log.swm4-ndp.nh.1 against the reference log file log.14Jul25.swm4-ndp.nh.g++.1
INFO:__main__:     5 abs diff checks failed.
INFO:__main__:        - Run 0: TotEng: actual (1.06e+01) > expected (1.00e-04)
INFO:__main__:        - Run 0: PotEng: actual (1.19e+01) > expected (1.00e-04)
INFO:__main__:        - Run 0: E_vdwl: actual (7.86e+01) > expected (1.00e-03)
INFO:__main__:        - Run 0: Press: actual (1.70e+03) > expected (1.00e-04)
INFO:__main__:        - Run 0: Temp: actual (2.97e-01) > expected (1.00e-04)
INFO:__main__:     5 rel diff checks failed.
INFO:__main__:        - Run 0: TotEng: actual (2.88e-03) > expected (1.00e-07)
INFO:__main__:        - Run 0: PotEng: actual (2.58e-03) > expected (1.00e-07)
INFO:__main__:        - Run 0: E_vdwl: actual (7.85e-02) > expected (1.00e-07)
INFO:__main__:        - Run 0: Press: actual (2.19e+00) > expected (1.00e-07)
INFO:__main__:        - Run 0: Temp: actual (1.39e-03) > expected (1.00e-07)
INFO:__main__:Entering examples/PACKAGES/drude/toluene
INFO:__main__:   + in.toluene.lang (1/2)
INFO:__main__:     Using 1 nprocs for in.toluene.lang as enforced in the config file.
INFO:__main__:     WARNING: The maximum number of procs found from the reference log files is 1.
INFO:__main__:     Executing: /scratch/projects/anklesan/lammps/fullreg_energy_work/work_1/build/lmp -in in.toluene.lang -cite none -log log.toluene.lang.1
INFO:__main__:     Comparing thermo output from log.toluene.lang.1 against the reference log file log.14Jul25.toluene.lang.g++.1
INFO:__main__:     4 abs diff checks failed.
INFO:__main__:        - Run 0: TotEng: actual (2.60e-04) > expected (1.00e-04)
INFO:__main__:        - Run 0: PotEng: actual (2.00e-04) > expected (1.00e-04)
INFO:__main__:        - Run 0: E_vdwl: actual (5.12e-03) > expected (1.00e-03)
INFO:__main__:        - Run 0: Press: actual (2.88e-02) > expected (1.00e-04)
INFO:__main__:     4 rel diff checks failed.
INFO:__main__:        - Run 0: TotEng: actual (2.54e-06) > expected (1.00e-07)
INFO:__main__:        - Run 0: Temp: actual (2.40e-07) > expected (1.00e-07)
INFO:__main__:        - Run 0: E_vdwl: actual (7.53e-06) > expected (1.00e-07)
INFO:__main__:        - Run 0: Press: actual (2.59e-05) > expected (1.00e-07)
INFO:__main__:   + in.toluene.nh (2/2)
INFO:__main__:     Using 1 nprocs for in.toluene.nh as enforced in the config file.
INFO:__main__:     WARNING: The maximum number of procs found from the reference log files is 1.
INFO:__main__:     Executing: /scratch/projects/anklesan/lammps/fullreg_energy_work/work_1/build/lmp -in in.toluene.nh -cite none -log log.toluene.nh.1
INFO:__main__:     Comparing thermo output from log.toluene.nh.1 against the reference log file log.14Jul25.toluene.nh.g++.1
INFO:__main__:     5 abs diff checks failed.
INFO:__main__:        - Run 0: TotEng: actual (9.70e-04) > expected (1.00e-04)
INFO:__main__:        - Run 0: Temp: actual (1.13e-02) > expected (1.00e-04)
INFO:__main__:        - Run 0: PotEng: actual (1.64e-01) > expected (1.00e-04)
INFO:__main__:        - Run 0: E_vdwl: actual (3.76e-02) > expected (1.00e-03)
INFO:__main__:        - Run 0: Press: actual (4.65e-01) > expected (1.00e-04)
INFO:__main__:     5 rel diff checks failed.
INFO:__main__:        - Run 0: TotEng: actual (1.87e-06) > expected (1.00e-07)
INFO:__main__:        - Run 0: Temp: actual (6.75e-05) > expected (1.00e-07)
INFO:__main__:        - Run 0: PotEng: actual (5.60e-05) > expected (1.00e-07)
INFO:__main__:        - Run 0: E_vdwl: actual (1.03e-04) > expected (1.00e-07)
INFO:__main__:        - Run 0: Press: actual (1.04e-04) > expected (1.00e-07)
INFO:__main__:Entering examples/PACKAGES/e3b
INFO:__main__:   + in.e3b-tip4p2005 (1/1)
INFO:__main__:     Using 1 nprocs for in.e3b-tip4p2005 as enforced in the config file.
INFO:__main__:     WARNING: The maximum number of procs found from the reference log files is 1.
INFO:__main__:     Executing: /scratch/projects/anklesan/lammps/fullreg_energy_work/work_1/build/lmp -in in.e3b-tip4p2005 -cite none -log log.e3b-tip4p2005.1
INFO:__main__:     Comparing thermo output from log.e3b-tip4p2005.1 against the reference log file log.29Mar2019.e3b-tip4p2005.g++.1
INFO:__main__:     all 24 checks passed.
INFO:__main__:Entering examples/PACKAGES/edip
INFO:__main__:   + in.edip-Si (1/3)
INFO:__main__:     Using 1 nprocs for in.edip-Si as enforced in the config file.
INFO:__main__:     WARNING: The maximum number of procs found from the reference log files is 4.
INFO:__main__:     Executing: /scratch/projects/anklesan/lammps/fullreg_energy_work/work_1/build/lmp -in in.edip-Si -cite none -log log.edip-Si.1
INFO:__main__:       failed, cannot find the reference log file for in.edip-Si with the expected format log.[date].edip-Si.*.[nprocs]
INFO:__main__:       thermo.in.edip-Si.yaml also does not exist in the working directory.
INFO:__main__:   + in.edip-Si-multi (2/3)
INFO:__main__:     Using 1 nprocs for in.edip-Si-multi as enforced in the config file.
INFO:__main__:     WARNING: The maximum number of procs found from the reference log files is 4.
INFO:__main__:     Executing: /scratch/projects/anklesan/lammps/fullreg_energy_work/work_1/build/lmp -in in.edip-Si-multi -cite none -log log.edip-Si-multi.1
INFO:__main__:       failed, cannot find the reference log file for in.edip-Si-multi with the expected format log.[date].edip-Si-multi.*.[nprocs]
INFO:__main__:       thermo.in.edip-Si-multi.yaml also does not exist in the working directory.
INFO:__main__:   + in.edip-SiC (3/3)
INFO:__main__:     Using 1 nprocs for in.edip-SiC as enforced in the config file.
INFO:__main__:     WARNING: The maximum number of procs found from the reference log files is 4.
INFO:__main__:     Executing: /scratch/projects/anklesan/lammps/fullreg_energy_work/work_1/build/lmp -in in.edip-SiC -cite none -log log.edip-SiC.1
INFO:__main__:       failed, cannot find the reference log file for in.edip-SiC with the expected format log.[date].edip-SiC.*.[nprocs]
INFO:__main__:       thermo.in.edip-SiC.yaml also does not exist in the working directory.
INFO:__main__:Entering examples/PACKAGES/ees
INFO:__main__:   + in.fix_wall (1/2)
INFO:__main__:     Using 1 nprocs for in.fix_wall as enforced in the config file.
INFO:__main__:     WARNING: The maximum number of procs found from the reference log files is 1.
INFO:__main__:     Executing: /scratch/projects/anklesan/lammps/fullreg_energy_work/work_1/build/lmp -in in.fix_wall -cite none -log log.fix_wall.1
INFO:__main__:     Comparing thermo output from log.fix_wall.1 against the reference log file log.23Jun17.fix_wall.g++.1
INFO:__main__:     all 6 checks passed.
INFO:__main__:   + in.fix_wall_region (2/2)
INFO:__main__:     Using 1 nprocs for in.fix_wall_region as enforced in the config file.
INFO:__main__:     WARNING: The maximum number of procs found from the reference log files is 1.
INFO:__main__:     Executing: /scratch/projects/anklesan/lammps/fullreg_energy_work/work_1/build/lmp -in in.fix_wall_region -cite none -log log.fix_wall_region.1
INFO:__main__:     Comparing thermo output from log.fix_wall_region.1 against the reference log file log.23Jun17.fix_wall_region.g++.1
INFO:__main__:     all 6 checks passed.
INFO:__main__:Entering examples/PACKAGES/eff/Auger-Adamantane
INFO:__main__:   + in.adamantane_ionized.nve (1/1)
INFO:__main__:     Using 1 nprocs for in.adamantane_ionized.nve as enforced in the config file.
INFO:__main__:     WARNING: The maximum number of procs found from the reference log files is 1.
INFO:__main__:     Executing: /scratch/projects/anklesan/lammps/fullreg_energy_work/work_1/build/lmp -in in.adamantane_ionized.nve -cite none -log log.adamantane_ionized.nve.1
INFO:__main__:     Comparing thermo output from log.adamantane_ionized.nve.1 against the reference log file log.31Jan25.adamantane_ionized.nve.g++.1
INFO:__main__:     7 abs diff checks failed.
INFO:__main__:        - Run 0: PotEng: actual (4.39e-02) > expected (1.00e-04)
INFO:__main__:        - Run 0: TotEng: actual (4.39e-02) > expected (1.00e-04)
INFO:__main__:        - Run 0: Press: actual (1.95e+05) > expected (1.00e-04)
INFO:__main__:        - Run 1: PotEng: actual (6.31e-01) > expected (1.00e-04)
INFO:__main__:        - Run 1: Temp: actual (6.40e+04) > expected (1.00e-04)
INFO:__main__:        - Run 1: TotEng: actual (8.23e+00) > expected (1.00e-04)
INFO:__main__:        - Run 1: Press: actual (1.12e+08) > expected (1.00e-04)
INFO:__main__:     7 rel diff checks failed.
INFO:__main__:        - Run 0: PotEng: actual (1.35e-04) > expected (1.00e-07)
INFO:__main__:        - Run 0: TotEng: actual (1.35e-04) > expected (1.00e-07)
INFO:__main__:        - Run 0: Press: actual (9.18e-03) > expected (1.00e-07)
INFO:__main__:        - Run 1: PotEng: actual (1.95e-03) > expected (1.00e-07)
INFO:__main__:        - Run 1: Temp: actual (9.25e-01) > expected (1.00e-07)
INFO:__main__:        - Run 1: TotEng: actual (2.61e-02) > expected (1.00e-07)
INFO:__main__:        - Run 1: Press: actual (9.61e-01) > expected (1.00e-07)
INFO:__main__:Entering examples/PACKAGES/eff/Be-solid
INFO:__main__:   + in.Be-solid.spe (1/1)
INFO:__main__:     Using 1 nprocs for in.Be-solid.spe as enforced in the config file.
INFO:__main__:     WARNING: The maximum number of procs found from the reference log files is 4.
INFO:__main__:     Executing: /scratch/projects/anklesan/lammps/fullreg_energy_work/work_1/build/lmp -in in.Be-solid.spe -cite none -log log.Be-solid.spe.1
INFO:__main__:       failed, cannot find the reference log file for in.Be-solid.spe with the expected format log.[date].Be-solid.spe.*.[nprocs]
INFO:__main__:       thermo.in.Be-solid.spe.yaml also does not exist in the working directory.
INFO:__main__:Entering examples/PACKAGES/eff/CH4
INFO:__main__:   + in.ch4.dynamics (1/3)
INFO:__main__:     Using 1 nprocs for in.ch4.dynamics as enforced in the config file.
INFO:__main__:     WARNING: The maximum number of procs found from the reference log files is 1.
INFO:__main__:     Executing: /scratch/projects/anklesan/lammps/fullreg_energy_work/work_1/build/lmp -in in.ch4.dynamics -cite none -log log.ch4.dynamics.1
INFO:__main__:     Comparing thermo output from log.ch4.dynamics.1 against the reference log file log.12Aug24.ch4.dynamics.g++.1
INFO:__main__:     3 abs diff checks failed.
INFO:__main__:        - Run 0: Press: actual (3.09e-01) > expected (1.00e-04)
INFO:__main__:        - Run 1: Temp: actual (9.22e-03) > expected (1.00e-04)
INFO:__main__:        - Run 1: Press: actual (4.51e-01) > expected (1.00e-04)
INFO:__main__:     3 rel diff checks failed.
INFO:__main__:        - Run 0: Press: actual (2.30e-01) > expected (1.00e-07)
INFO:__main__:        - Run 1: Temp: actual (1.37e-05) > expected (1.00e-07)
INFO:__main__:        - Run 1: Press: actual (4.85e-04) > expected (1.00e-07)
INFO:__main__:   + in.ch4.min (2/3)
INFO:__main__:     Using 1 nprocs for in.ch4.min as enforced in the config file.
INFO:__main__:     WARNING: The maximum number of procs found from the reference log files is 1.
INFO:__main__:     Executing: /scratch/projects/anklesan/lammps/fullreg_energy_work/work_1/build/lmp -in in.ch4.min -cite none -log log.ch4.min.1
INFO:__main__:     Comparing thermo output from log.ch4.min.1 against the reference log file log.12Aug24.ch4.min.g++.1
INFO:__main__:     all 4 checks passed.
INFO:__main__:   + in.ch4_ionized.dynamics (3/3)
INFO:__main__:     Using 1 nprocs for in.ch4_ionized.dynamics as enforced in the config file.
INFO:__main__:     WARNING: The maximum number of procs found from the reference log files is 1.
INFO:__main__:     Executing: /scratch/projects/anklesan/lammps/fullreg_energy_work/work_1/build/lmp -in in.ch4_ionized.dynamics -cite none -log log.ch4_ionized.dynamics.1
INFO:__main__:     Comparing thermo output from log.ch4_ionized.dynamics.1 against the reference log file log.12Aug24.ch4_ionized.dynamics.g++.1
INFO:__main__:     8 abs diff checks failed.
INFO:__main__:        - Run 1: TotEng: actual (2.57e-03) > expected (1.00e-04)
INFO:__main__:        - Run 1: PotEng: actual (3.03e-04) > expected (1.00e-04)
INFO:__main__:        - Run 1: Temp: actual (1.19e+02) > expected (1.00e-04)
INFO:__main__:        - Run 1: Press: actual (1.37e+00) > expected (1.00e-04)
INFO:__main__:        - Run 2: TotEng: actual (1.35e-03) > expected (1.00e-04)
INFO:__main__:        - Run 2: PotEng: actual (1.51e-03) > expected (1.00e-04)
INFO:__main__:        - Run 2: Temp: actual (1.50e+02) > expected (1.00e-04)
INFO:__main__:        - Run 2: Press: actual (7.98e-02) > expected (1.00e-04)
INFO:__main__:     9 rel diff checks failed.
INFO:__main__:        - Run 0: Press: actual (2.11e+00) > expected (1.00e-07)
INFO:__main__:        - Run 1: TotEng: actual (7.60e-05) > expected (1.00e-07)
INFO:__main__:        - Run 1: PotEng: actual (8.96e-06) > expected (1.00e-07)
INFO:__main__:        - Run 1: Temp: actual (6.58e-01) > expected (1.00e-07)
INFO:__main__:        - Run 1: Press: actual (7.19e-01) > expected (1.00e-07)
INFO:__main__:        - Run 2: TotEng: actual (3.98e-05) > expected (1.00e-07)
INFO:__main__:        - Run 2: PotEng: actual (4.46e-05) > expected (1.00e-07)
INFO:__main__:        - Run 2: Temp: actual (9.92e-01) > expected (1.00e-07)
INFO:__main__:        - Run 2: Press: actual (1.00e+00) > expected (1.00e-07)
INFO:__main__:Entering examples/PACKAGES/eff/ECP/Si2H6
INFO:__main__:   + in.Si2H6 (1/2)
INFO:__main__:     Using 1 nprocs for in.Si2H6 as enforced in the config file.
INFO:__main__:     WARNING: The maximum number of procs found from the reference log files is 1.
INFO:__main__:     Executing: /scratch/projects/anklesan/lammps/fullreg_energy_work/work_1/build/lmp -in in.Si2H6 -cite none -log log.Si2H6.1
INFO:__main__:     Comparing thermo output from log.Si2H6.1 against the reference log file log.12Aug24.Si2H6.g++.1
INFO:__main__:     all 8 checks passed.
INFO:__main__:   + in.Si2H6.ang (2/2)
INFO:__main__:     Using 1 nprocs for in.Si2H6.ang as enforced in the config file.
INFO:__main__:     WARNING: The maximum number of procs found from the reference log files is 1.
INFO:__main__:     Executing: /scratch/projects/anklesan/lammps/fullreg_energy_work/work_1/build/lmp -in in.Si2H6.ang -cite none -log log.Si2H6.ang.1
INFO:__main__:     Comparing thermo output from log.Si2H6.ang.1 against the reference log file log.12Aug24.Si2H6.ang.g++.1
INFO:__main__:     4 abs diff checks failed.
INFO:__main__:        - Run 1: TotEng: actual (6.77e+00) > expected (1.00e-04)
INFO:__main__:        - Run 1: PotEng: actual (2.57e+00) > expected (1.00e-04)
INFO:__main__:        - Run 1: Temp: actual (2.01e+02) > expected (1.00e-04)
INFO:__main__:        - Run 1: Press: actual (2.05e-04) > expected (1.00e-04)
INFO:__main__:     5 rel diff checks failed.
INFO:__main__:        - Run 0: Press: actual (8.83e-04) > expected (1.00e-07)
INFO:__main__:        - Run 1: TotEng: actual (1.08e-03) > expected (1.00e-07)
INFO:__main__:        - Run 1: PotEng: actual (4.11e-04) > expected (1.00e-07)
INFO:__main__:        - Run 1: Temp: actual (5.09e-01) > expected (1.00e-07)
INFO:__main__:        - Run 1: Press: actual (1.64e-01) > expected (1.00e-07)
INFO:__main__:Entering examples/PACKAGES/eff/ECP/SiC/bulk
INFO:__main__:   + in.SiC (1/1)
INFO:__main__:     Using 1 nprocs for in.SiC as enforced in the config file.
INFO:__main__:     WARNING: The maximum number of procs found from the reference log files is 4.
INFO:__main__:     Executing: /scratch/projects/anklesan/lammps/fullreg_energy_work/work_1/build/lmp -in in.SiC -cite none -log log.SiC.1
INFO:__main__:       failed, cannot find the reference log file for in.SiC with the expected format log.[date].SiC.*.[nprocs]
INFO:__main__:       thermo.in.SiC.yaml also does not exist in the working directory.
INFO:__main__:Entering examples/PACKAGES/eff/ECP/SiH4
INFO:__main__:   + in.SiH4 (1/2)
INFO:__main__:     Using 1 nprocs for in.SiH4 as enforced in the config file.
INFO:__main__:     WARNING: The maximum number of procs found from the reference log files is 4.
INFO:__main__:     Executing: /scratch/projects/anklesan/lammps/fullreg_energy_work/work_1/build/lmp -in in.SiH4 -cite none -log log.SiH4.1
INFO:__main__:     The run terminated with in.SiH4 gives the following output:
INFO:__main__:     LAMMPS (10 Dec 2025 - Development - patch_10Dec2025-46-g97341a839f)
OMP_NUM_THREADS environment is not set. Defaulting to 1 thread.
  using 1 OpenMP thread(s) per MPI task
Reading data file ...
  orthogonal box = (-1000 -1000 -1000) to (1000 1000 1000)
  1 by 1 by 1 MPI processor grid
  reading atoms ...
  13 atoms
  read_data CPU = 0.001 seconds

CITE-CITE-CITE-CITE-CITE-CITE-CITE-CITE-CITE-CITE-CITE-CITE-CITE

Your simulation uses code contributions which should be cited:
- EFF package: https://doi.org/10.1002/jcc.21637
CITE-CITE-CITE-CITE-CITE-CITE-CITE-CITE-CITE-CITE-CITE-CITE-CITE

Generated 0 of 3 mixed pair_coeff terms from geometric mixing rule
Neighbor list info ...
  update: every = 1 steps, delay = 0 steps, check = yes
  max neighbors/atom: 2000, page size: 100000
  master list distance cutoff = 1002
  ghost atom cutoff = 1002
  binsize = 501, bins = 4 4 4
  1 neighbor lists, perpetual/occasional/extra = 1 0 0
  (1) pair eff/cut, perpetual
      attributes: half, newton on
      pair build: half/bin/atomonly/newton
      stencil: half/bin/3d
      bin: standard
Setting up cg style minimization ...
  Unit style    : electron
  Current step  : 0
Per MPI rank memory allocation (min/avg/max) = 6.098 | 6.098 | 6.098 Mbytes
   Step         TotEng         PotEng         KinEng         v_eke         v_epauli      v_estatics    v_errestrain       Temp          Press         v_press    
         0  -5.3713133     -5.3713133      0              3.0485822      0.97032532    -9.3902208      0              0              3915.7985      3915.7985    
         1  -5.4137746     -5.4137746      0              3.1101677      0.91231319    -9.4362554      0              0              3653.4637      3653.4637    
         2  -5.4542182     -5.4542182      0              3.1729972      0.85513067    -9.4823461      0              0              3376.0892      3376.0892    
         3  -5.492569      -5.492569       0              3.237096       0.79883331    -9.5284983      0              0              3084.4809      3084.4809    
         4  -5.5287845     -5.5287845      0              3.3024897      0.74344056    -9.5747147      0              0              2779.4647      2779.4647    
         5  -5.562867      -5.562867       0              3.3692044      0.68891913    -9.6209905      0              0              2461.8292      2461.8292    
         6  -5.5948827     -5.5948827      0              3.4372668      0.63515274    -9.6673022      0              0              2132.2242      2132.2242    
         7  -5.6249943     -5.6249943      0              3.5067042      0.58188164    -9.7135802      0              0              1790.958       1790.958     
         8  -5.653526      -5.653526       0              3.5775444      0.52856312    -9.7596335      0              0              1437.5311      1437.5311    
         9  -5.6811067     -5.6811067      0              3.6498155      0.47398007    -9.8049023      0              0              1069.2938      1069.2938    
        10  -5.709044      -5.709044       0              3.7235467      0.41470098    -9.8472917      0              0              675.98336      675.98336    
        11  -5.7388373     -5.7388373      0              3.7987673      0.3315508     -9.8691555      0              0              189.05348      189.05348    
        12  -5.7410299     -5.7410299      0              3.741915       0.33077007    -9.813715       0              0              294.45394      294.45394    
        13  -5.7414938     -5.7414938      0              3.7705239      0.3148735     -9.8268913      0              0              142.05365      142.05365    
        14  -5.7418513     -5.7418513      0              3.7544354      0.3136754     -9.8099622      0              0              111.87937      111.87937    
        15  -5.7420158     -5.7420158      0              3.7298566      0.31840508    -9.7902774      0              0              145.8996       145.8996     
        16  -5.7422282     -5.7422282      0              3.7329568      0.31193018    -9.7871152      0              0              48.264169      48.264169    
        17  -5.742453      -5.742453       0              3.6980885      0.31106059    -9.7516021      0              0              27.567779      27.567779    
        18  -5.7424611     -5.7424611      0              3.6982714      0.30956837    -9.7503008      0              0              16.106287      16.106287    
        19  -5.7424657     -5.7424657      0              3.6939583      0.31000818    -9.7464322      0              0              20.100763      20.100763    
        20  -5.7424717     -5.7424717      0              3.6938098      0.30915713    -9.7454387      0              0              5.3786731      5.3786731    
        21  -5.7424747     -5.7424747      0              3.6886033      0.30948664    -9.7405646      0              0              5.9398338      5.9398338    
        22  -5.7424754     -5.7424754      0              3.6878055      0.30894553    -9.7392264      0              0             -0.39393742    -0.39393742   
        23  -5.7424755     -5.7424755      0              3.6877407      0.30891804    -9.7391342      0              0             -0.16951041    -0.16951041   
        24  -5.7424755     -5.7424755      0              3.6878489      0.30888752    -9.7392119      0              0             -0.46861444    -0.46861444   
        25  -5.7424755     -5.7424755      0              3.6878813      0.30889295    -9.7392497      0              0             -0.38311242    -0.38311242   
        26  -5.7424755     -5.7424755      0              3.6878677      0.3089087     -9.7392519      0              0             -0.20248132    -0.20248132   
        27  -5.7424755     -5.7424755      0              3.6879564      0.30890227    -9.7393341      0              0             -0.2680556     -0.2680556    
        28  -5.7424755     -5.7424755      0              3.6879824      0.30891582    -9.7393737      0              0             -0.052602223   -0.052602223  
        29  -5.7424755     -5.7424755      0              3.6880132      0.30891108    -9.7393997      0              0             -0.087557098   -0.087557098  
        30  -5.7424755     -5.7424755      0              3.6880308      0.308912      -9.7394183      0              0             -0.051217671   -0.051217671  
        31  -5.7424755     -5.7424755      0              3.6880204      0.30891636    -9.7394122      0              0             -0.0049141669  -0.0049141669 
Loop time of 0.0029428 on 1 procs for 31 steps with 13 atoms

99.6% CPU use with 1 MPI tasks x 1 OpenMP threads

Minimization stats:
  Stopping criterion = force tolerance
  Energy initial, next-to-last, final = 
     -5.37131328948164  -5.74247545895371  -5.74247545899459
  Force two-norm initial, final = 1.1791674 5.8393062e-06
  Force max component initial, final = 0.31770104 1.1136784e-06
  Final line search alpha, max atom move = 1 1.1136784e-06
  Iterations, force evaluations = 31 39

MPI task timing breakdown:
Section |  min time  |  avg time  |  max time  |%varavg| %total
---------------------------------------------------------------
Pair    | 0.00051532 | 0.00051532 | 0.00051532 |   0.0 | 17.51
Neigh   | 0          | 0          | 0          |   0.0 |  0.00
Comm    | 3.914e-06  | 3.914e-06  | 3.914e-06  |   0.0 |  0.13
Output  | 0.0022766  | 0.0022766  | 0.0022766  |   0.0 | 77.36
Modify  | 0          | 0          | 0          |   0.0 |  0.00
Other   |            | 0.000147   |            |       |  5.00

Nlocal:             13 ave          13 max          13 min
Histogram: 1 0 0 0 0 0 0 0 0 0
Nghost:              0 ave           0 max           0 min
Histogram: 1 0 0 0 0 0 0 0 0 0
Neighs:             78 ave          78 max          78 min
Histogram: 1 0 0 0 0 0 0 0 0 0

Total # of neighbors = 78
Ave neighs/atom = 6
Neighbor list builds = 0
Dangerous builds = 0
Total wall time: 0:00:00

INFO:__main__:   + in.SiH4.ang (2/2)
INFO:__main__:     Using 1 nprocs for in.SiH4.ang as enforced in the config file.
INFO:__main__:     WARNING: The maximum number of procs found from the reference log files is 4.
INFO:__main__:     Executing: /scratch/projects/anklesan/lammps/fullreg_energy_work/work_1/build/lmp -in in.SiH4.ang -cite none -log log.SiH4.ang.1
INFO:__main__:     The run terminated with in.SiH4.ang gives the following output:
INFO:__main__:     LAMMPS (10 Dec 2025 - Development - patch_10Dec2025-46-g97341a839f)
OMP_NUM_THREADS environment is not set. Defaulting to 1 thread.
  using 1 OpenMP thread(s) per MPI task
Reading data file ...
  orthogonal box = (-529.17725 -529.17725 -529.17725) to (529.17725 529.17725 529.17725)
  1 by 1 by 1 MPI processor grid
  reading atoms ...
  13 atoms
  read_data CPU = 0.001 seconds

CITE-CITE-CITE-CITE-CITE-CITE-CITE-CITE-CITE-CITE-CITE-CITE-CITE

Your simulation uses code contributions which should be cited:
- EFF package: https://doi.org/10.1002/jcc.21637
CITE-CITE-CITE-CITE-CITE-CITE-CITE-CITE-CITE-CITE-CITE-CITE-CITE

Generated 0 of 3 mixed pair_coeff terms from geometric mixing rule
Neighbor list info ...
  update: every = 1 steps, delay = 0 steps, check = yes
  max neighbors/atom: 2000, page size: 100000
  master list distance cutoff = 531.17725
  ghost atom cutoff = 531.17725
  binsize = 265.58862, bins = 4 4 4
  1 neighbor lists, perpetual/occasional/extra = 1 0 0
  (1) pair eff/cut, perpetual
      attributes: half, newton on
      pair build: half/bin/atomonly/newton
      stencil: half/bin/3d
      bin: standard
Setting up cg style minimization ...
  Unit style    : real
  Current step  : 0
Per MPI rank memory allocation (min/avg/max) = 6.098 | 6.098 | 6.098 Mbytes
   Step         TotEng         PotEng         KinEng         v_eke         v_epauli      v_estatics    v_errestrain       Temp          Press         v_press    
         0  -3180.0409     -3180.0409      0              1913.0115      799.39938     -5892.4518      0              0              0.042861319    0.042861319  
         1  -3242.4268     -3242.4268      0              1951.6569      720.19352     -5914.2773      0              0              0.038319541    0.038319541  
         2  -3294.8973     -3294.8973      0              1991.083       649.20823     -5935.1885      0              0              0.033688431    0.033688431  
         3  -3338.4089     -3338.4089      0              2031.3056      585.49214     -5955.2066      0              0              0.029044619    0.029044619  
         4  -3373.7102     -3373.7102      0              2072.3407      528.27887     -5974.3297      0              0              0.024449581    0.024449581  
         5  -3401.4319     -3401.4319      0              2114.2047      476.90451     -5992.5411      0              0              0.019948507    0.019948507  
         6  -3422.1455     -3422.1455      0              2156.9145      430.74443     -6009.8044      0              0              0.015565977    0.015565977  
         7  -3436.4088     -3436.4088      0              2200.4871      389.12281     -6026.0187      0              0              0.01129287     0.01129287   
         8  -3444.8056     -3444.8056      0              2244.9398      351.02207     -6040.7675      0              0              0.0070351286   0.0070351286 
         9  -3447.9247     -3447.9247      0              2289.3889      313.44672     -6050.7603      0              0              0.0022959439   0.0022959439 
        10  -3449.671      -3449.671       0              2244.056       307.85841     -6001.5854      0              0              0.00064718494  0.00064718494
        11  -3450.1486     -3450.1486      0              2208.4108      307.81459     -5966.374       0              0              0.0012881903   0.0012881903 
        12  -3450.4441     -3450.4441      0              2172.4227      304.7796      -5927.6463      0              0              0.00056335262  0.00056335262
        13  -3450.4849     -3450.4849      0              2180.0765      302.12441     -5932.6858      0              0              4.5832714e-05  4.5832714e-05
        14  -3450.486      -3450.486       0              2180.4063      301.68105     -5932.5733      0              0              1.6094363e-05  1.6094363e-05
        15  -3450.486      -3450.486       0              2180.198       301.53407     -5932.218       0              0             -5.2975397e-06 -5.2975397e-06
        16  -3450.486      -3450.486       0              2179.8974      301.56604     -5931.9495      0              0             -2.4151587e-06 -2.4151587e-06
        17  -3450.486      -3450.486       0              2179.8793      301.57664     -5931.942       0              0             -7.3969175e-07 -7.3969175e-07
        18  -3450.486      -3450.486       0              2179.9045      301.58149     -5931.972       0              0             -3.2801309e-07 -3.2801309e-07
        19  -3450.486      -3450.486       0              2179.9171      301.58133     -5931.9845      0              0             -1.1804827e-08 -1.1804827e-08
        20  -3450.486      -3450.486       0              2179.9171      301.5813      -5931.9845      0              0             -9.571483e-09  -9.571483e-09 
        21  -3450.486      -3450.486       0              2179.9176      301.58131     -5931.9849      0              0             -8.6959629e-09 -8.6959629e-09
        22  -3450.486      -3450.486       0              2179.9176      301.58137     -5931.985       0              0             -7.3215657e-13 -7.3214955e-13
Loop time of 0.00347874 on 1 procs for 22 steps with 13 atoms

79.4% CPU use with 1 MPI tasks x 1 OpenMP threads

Minimization stats:
  Stopping criterion = force tolerance
  Energy initial, next-to-last, final = 
      -3180.0409119832  -3450.48603041888  -3450.48603041888
  Force two-norm initial, final = 1109.7711 9.9209864e-08
  Force max component initial, final = 194.98023 2.0203231e-08
  Final line search alpha, max atom move = 1 2.0203231e-08
  Iterations, force evaluations = 22 35

MPI task timing breakdown:
Section |  min time  |  avg time  |  max time  |%varavg| %total
---------------------------------------------------------------
Pair    | 0.00066401 | 0.00066401 | 0.00066401 |   0.0 | 19.09
Neigh   | 0          | 0          | 0          |   0.0 |  0.00
Comm    | 5.09e-06   | 5.09e-06   | 5.09e-06   |   0.0 |  0.15
Output  | 0.0026056  | 0.0026056  | 0.0026056  |   0.0 | 74.90
Modify  | 0          | 0          | 0          |   0.0 |  0.00
Other   |            | 0.0002041  |            |       |  5.87

Nlocal:             13 ave          13 max          13 min
Histogram: 1 0 0 0 0 0 0 0 0 0
Nghost:              0 ave           0 max           0 min
Histogram: 1 0 0 0 0 0 0 0 0 0
Neighs:             78 ave          78 max          78 min
Histogram: 1 0 0 0 0 0 0 0 0 0

Total # of neighbors = 78
Ave neighs/atom = 6
Neighbor list builds = 0
Dangerous builds = 0
Total wall time: 0:00:00

INFO:__main__:Entering examples/PACKAGES/eff/H
INFO:__main__:   + in.h_atom.spe.ang (1/2)
INFO:__main__:     Using 1 nprocs for in.h_atom.spe.ang as enforced in the config file.
INFO:__main__:     WARNING: The maximum number of procs found from the reference log files is 4.
INFO:__main__:     Executing: /scratch/projects/anklesan/lammps/fullreg_energy_work/work_1/build/lmp -in in.h_atom.spe.ang -cite none -log log.h_atom.spe.ang.1
INFO:__main__:       failed, cannot find the reference log file for in.h_atom.spe.ang with the expected format log.[date].h_atom.spe.ang.*.[nprocs]
INFO:__main__:       thermo.in.h_atom.spe.ang.yaml also does not exist in the working directory.
INFO:__main__:   + in.h_atom.spe.bohr (2/2)
INFO:__main__:     Using 1 nprocs for in.h_atom.spe.bohr as enforced in the config file.
INFO:__main__:     WARNING: The maximum number of procs found from the reference log files is 4.
INFO:__main__:     Executing: /scratch/projects/anklesan/lammps/fullreg_energy_work/work_1/build/lmp -in in.h_atom.spe.bohr -cite none -log log.h_atom.spe.bohr.1
INFO:__main__:       failed, cannot find the reference log file for in.h_atom.spe.bohr with the expected format log.[date].h_atom.spe.bohr.*.[nprocs]
INFO:__main__:       thermo.in.h_atom.spe.bohr.yaml also does not exist in the working directory.
INFO:__main__:Entering examples/PACKAGES/eff/H2
INFO:__main__:   + in.h2 (1/1)
INFO:__main__:     Using 1 nprocs for in.h2 as enforced in the config file.
INFO:__main__:     WARNING: The maximum number of procs found from the reference log files is 4.
INFO:__main__:     Executing: /scratch/projects/anklesan/lammps/fullreg_energy_work/work_1/build/lmp -in in.h2 -cite none -log log.h2.1
INFO:__main__:       failed, cannot find the reference log file for in.h2 with the expected format log.[date].h2.*.[nprocs]
INFO:__main__:       thermo.in.h2.yaml also does not exist in the working directory.
INFO:__main__:Entering examples/PACKAGES/eff/H_plasma
INFO:__main__:   + in.h2bulk.npt (1/3)
INFO:__main__:     Using 1 nprocs for in.h2bulk.npt as enforced in the config file.
INFO:__main__:     WARNING: The maximum number of procs found from the reference log files is 4.
INFO:__main__:     Executing: /scratch/projects/anklesan/lammps/fullreg_energy_work/work_1/build/lmp -in in.h2bulk.npt -cite none -log log.h2bulk.npt.1
INFO:__main__:       failed, cannot find the reference log file for in.h2bulk.npt with the expected format log.[date].h2bulk.npt.*.[nprocs]
INFO:__main__:       thermo.in.h2bulk.npt.yaml also does not exist in the working directory.
INFO:__main__:   + in.h2bulk.nve (2/3)
INFO:__main__:     Using 1 nprocs for in.h2bulk.nve as enforced in the config file.
INFO:__main__:     WARNING: The maximum number of procs found from the reference log files is 4.
INFO:__main__:     Executing: /scratch/projects/anklesan/lammps/fullreg_energy_work/work_1/build/lmp -in in.h2bulk.nve -cite none -log log.h2bulk.nve.1
INFO:__main__:       failed, cannot find the reference log file for in.h2bulk.nve with the expected format log.[date].h2bulk.nve.*.[nprocs]
INFO:__main__:       thermo.in.h2bulk.nve.yaml also does not exist in the working directory.
INFO:__main__:   + in.h2bulk.nve.ang (3/3)
INFO:__main__:     Using 1 nprocs for in.h2bulk.nve.ang as enforced in the config file.
INFO:__main__:     WARNING: The maximum number of procs found from the reference log files is 4.
INFO:__main__:     Executing: /scratch/projects/anklesan/lammps/fullreg_energy_work/work_1/build/lmp -in in.h2bulk.nve.ang -cite none -log log.h2bulk.nve.ang.1
INFO:__main__:       failed, cannot find the reference log file for in.h2bulk.nve.ang with the expected format log.[date].h2bulk.nve.ang.*.[nprocs]
INFO:__main__:       thermo.in.h2bulk.nve.ang.yaml also does not exist in the working directory.
INFO:__main__:Entering examples/PACKAGES/eff/Li-dendritic
INFO:__main__:   + in.Li-dendritic.min (1/2)
INFO:__main__:     Using 1 nprocs for in.Li-dendritic.min as enforced in the config file.
INFO:__main__:     WARNING: The maximum number of procs found from the reference log files is 4.
INFO:__main__:     Executing: /scratch/projects/anklesan/lammps/fullreg_energy_work/work_1/build/lmp -in in.Li-dendritic.min -cite none -log log.Li-dendritic.min.1
INFO:__main__:       failed, cannot find the reference log file for in.Li-dendritic.min with the expected format log.[date].Li-dendritic.min.*.[nprocs]
INFO:__main__:       thermo.in.Li-dendritic.min.yaml also does not exist in the working directory.
INFO:__main__:   + in.Li-dendritic.nvt (2/2)
INFO:__main__:     Using 1 nprocs for in.Li-dendritic.nvt as enforced in the config file.
INFO:__main__:     WARNING: The maximum number of procs found from the reference log files is 4.
INFO:__main__:     Executing: /scratch/projects/anklesan/lammps/fullreg_energy_work/work_1/build/lmp -in in.Li-dendritic.nvt -cite none -log log.Li-dendritic.nvt.1
INFO:__main__:       failed, cannot find the reference log file for in.Li-dendritic.nvt with the expected format log.[date].Li-dendritic.nvt.*.[nprocs]
INFO:__main__:       thermo.in.Li-dendritic.nvt.yaml also does not exist in the working directory.
INFO:__main__:Entering examples/PACKAGES/eff/Li-solid
INFO:__main__:   + in.Li.ang (1/2)
INFO:__main__:     Using 1 nprocs for in.Li.ang as enforced in the config file.
INFO:__main__:     WARNING: The maximum number of procs found from the reference log files is 4.
INFO:__main__:     Executing: /scratch/projects/anklesan/lammps/fullreg_energy_work/work_1/build/lmp -in in.Li.ang -cite none -log log.Li.ang.1
INFO:__main__:       failed, cannot find the reference log file for in.Li.ang with the expected format log.[date].Li.ang.*.[nprocs]
INFO:__main__:       thermo.in.Li.ang.yaml also does not exist in the working directory.
INFO:__main__:   + in.Li.bohr (2/2)
INFO:__main__:     Using 1 nprocs for in.Li.bohr as enforced in the config file.
INFO:__main__:     WARNING: The maximum number of procs found from the reference log files is 4.
INFO:__main__:     Executing: /scratch/projects/anklesan/lammps/fullreg_energy_work/work_1/build/lmp -in in.Li.bohr -cite none -log log.Li.bohr.1
INFO:__main__:       failed, cannot find the reference log file for in.Li.bohr with the expected format log.[date].Li.bohr.*.[nprocs]
INFO:__main__:       thermo.in.Li.bohr.yaml also does not exist in the working directory.
INFO:__main__:Entering examples/PACKAGES/eff/fixed-core/C2H6
INFO:__main__:   + in.C2H6fc.ang (1/2)
INFO:__main__:     Using 1 nprocs for in.C2H6fc.ang as enforced in the config file.
INFO:__main__:     WARNING: The maximum number of procs found from the reference log files is 4.
INFO:__main__:     Executing: /scratch/projects/anklesan/lammps/fullreg_energy_work/work_1/build/lmp -in in.C2H6fc.ang -cite none -log log.C2H6fc.ang.1
INFO:__main__:       failed, cannot find the reference log file for in.C2H6fc.ang with the expected format log.[date].C2H6fc.ang.*.[nprocs]
INFO:__main__:       thermo.in.C2H6fc.ang.yaml also does not exist in the working directory.
INFO:__main__:   + in.C2H6fc.bohr (2/2)
INFO:__main__:     Using 1 nprocs for in.C2H6fc.bohr as enforced in the config file.
INFO:__main__:     WARNING: The maximum number of procs found from the reference log files is 4.
INFO:__main__:     Executing: /scratch/projects/anklesan/lammps/fullreg_energy_work/work_1/build/lmp -in in.C2H6fc.bohr -cite none -log log.C2H6fc.bohr.1
INFO:__main__:       failed, cannot find the reference log file for in.C2H6fc.bohr with the expected format log.[date].C2H6fc.bohr.*.[nprocs]
INFO:__main__:       thermo.in.C2H6fc.bohr.yaml also does not exist in the working directory.
INFO:__main__:Entering examples/PACKAGES/eff/fixed-core/CH4
INFO:__main__:   + in.CH4fc.ang (1/4)
INFO:__main__:     Using 1 nprocs for in.CH4fc.ang as enforced in the config file.
INFO:__main__:     WARNING: The maximum number of procs found from the reference log files is 4.
INFO:__main__:     Executing: /scratch/projects/anklesan/lammps/fullreg_energy_work/work_1/build/lmp -in in.CH4fc.ang -cite none -log log.CH4fc.ang.1
INFO:__main__:       failed, cannot find the reference log file for in.CH4fc.ang with the expected format log.[date].CH4fc.ang.*.[nprocs]
INFO:__main__:       thermo.in.CH4fc.ang.yaml also does not exist in the working directory.
INFO:__main__:   + in.CH4fc.bohr (2/4)
INFO:__main__:     Using 1 nprocs for in.CH4fc.bohr as enforced in the config file.
INFO:__main__:     WARNING: The maximum number of procs found from the reference log files is 4.
INFO:__main__:     Executing: /scratch/projects/anklesan/lammps/fullreg_energy_work/work_1/build/lmp -in in.CH4fc.bohr -cite none -log log.CH4fc.bohr.1
INFO:__main__:       failed, cannot find the reference log file for in.CH4fc.bohr with the expected format log.[date].CH4fc.bohr.*.[nprocs]
INFO:__main__:       thermo.in.CH4fc.bohr.yaml also does not exist in the working directory.
INFO:__main__:   + in.CH4fc.spe.ang (3/4)
INFO:__main__:     Using 1 nprocs for in.CH4fc.spe.ang as enforced in the config file.
INFO:__main__:     WARNING: The maximum number of procs found from the reference log files is 4.
INFO:__main__:     Executing: /scratch/projects/anklesan/lammps/fullreg_energy_work/work_1/build/lmp -in in.CH4fc.spe.ang -cite none -log log.CH4fc.spe.ang.1
INFO:__main__:       failed, cannot find the reference log file for in.CH4fc.spe.ang with the expected format log.[date].CH4fc.spe.ang.*.[nprocs]
INFO:__main__:       thermo.in.CH4fc.spe.ang.yaml also does not exist in the working directory.
INFO:__main__:   + in.CH4fc.spe.bohr (4/4)
INFO:__main__:     Using 1 nprocs for in.CH4fc.spe.bohr as enforced in the config file.
INFO:__main__:     WARNING: The maximum number of procs found from the reference log files is 4.
INFO:__main__:     Executing: /scratch/projects/anklesan/lammps/fullreg_energy_work/work_1/build/lmp -in in.CH4fc.spe.bohr -cite none -log log.CH4fc.spe.bohr.1
INFO:__main__:       failed, cannot find the reference log file for in.CH4fc.spe.bohr with the expected format log.[date].CH4fc.spe.bohr.*.[nprocs]
INFO:__main__:       thermo.in.CH4fc.spe.bohr.yaml also does not exist in the working directory.
INFO:__main__:Entering examples/PACKAGES/electrode/au-aq
INFO:__main__:   + in.ffield (1/2)
INFO:__main__:     Using 1 nprocs for in.ffield as enforced in the config file.
INFO:__main__:     WARNING: The maximum number of procs found from the reference log files is 4.
INFO:__main__:     Executing: /scratch/projects/anklesan/lammps/fullreg_energy_work/work_1/build/lmp -in in.ffield -cite none -log log.ffield.1
INFO:__main__:     Timeout for: /scratch/projects/anklesan/lammps/fullreg_energy_work/work_1/build/lmp -in in.ffield -cite none -log log.ffield.1 (180s expired)
INFO:__main__:     failed, no Total wall time in the output.

INFO:__main__:
in.ffield:
INFO:__main__:
    Output:

INFO:__main__:
    Error:
timeout (180s expired)
INFO:__main__:   + in.tf (2/2)
INFO:__main__:     Using 1 nprocs for in.tf as enforced in the config file.
INFO:__main__:     WARNING: The maximum number of procs found from the reference log files is 4.
INFO:__main__:     Executing: /scratch/projects/anklesan/lammps/fullreg_energy_work/work_1/build/lmp -in in.tf -cite none -log log.tf.1
INFO:__main__:     Timeout for: /scratch/projects/anklesan/lammps/fullreg_energy_work/work_1/build/lmp -in in.tf -cite none -log log.tf.1 (180s expired)
INFO:__main__:     failed, no Total wall time in the output.

INFO:__main__:
in.tf:
INFO:__main__:
    Output:

INFO:__main__:
    Error:
timeout (180s expired)
INFO:__main__:Entering examples/PACKAGES/electrode/graph-il
INFO:__main__:   + in.conp (1/7)
INFO:__main__:     Using 1 nprocs for in.conp as enforced in the config file.
INFO:__main__:     WARNING: The maximum number of procs found from the reference log files is 4.
INFO:__main__:     Executing: /scratch/projects/anklesan/lammps/fullreg_energy_work/work_1/build/lmp -in in.conp -cite none -log log.conp.1
INFO:__main__:       failed, cannot find the reference log file for in.conp with the expected format log.[date].conp.*.[nprocs]
INFO:__main__:       thermo.in.conp.yaml also does not exist in the working directory.
INFO:__main__:   + in.conq (2/7)
INFO:__main__:     Using 1 nprocs for in.conq as enforced in the config file.
INFO:__main__:     WARNING: The maximum number of procs found from the reference log files is 4.
INFO:__main__:     Executing: /scratch/projects/anklesan/lammps/fullreg_energy_work/work_1/build/lmp -in in.conq -cite none -log log.conq.1
INFO:__main__:       failed, cannot find the reference log file for in.conq with the expected format log.[date].conq.*.[nprocs]
INFO:__main__:       thermo.in.conq.yaml also does not exist in the working directory.
INFO:__main__:   + in.conq2 (3/7)
INFO:__main__:     Using 1 nprocs for in.conq2 as enforced in the config file.
INFO:__main__:     WARNING: The maximum number of procs found from the reference log files is 4.
INFO:__main__:     Executing: /scratch/projects/anklesan/lammps/fullreg_energy_work/work_1/build/lmp -in in.conq2 -cite none -log log.conq2.1
INFO:__main__:       failed, cannot find the reference log file for in.conq2 with the expected format log.[date].conq2.*.[nprocs]
INFO:__main__:       thermo.in.conq2.yaml also does not exist in the working directory.
INFO:__main__:   + in.etypes (4/7)
INFO:__main__:     Using 1 nprocs for in.etypes as enforced in the config file.
INFO:__main__:     WARNING: The maximum number of procs found from the reference log files is 4.
INFO:__main__:     Executing: /scratch/projects/anklesan/lammps/fullreg_energy_work/work_1/build/lmp -in in.etypes -cite none -log log.etypes.1
INFO:__main__:       failed, cannot find the reference log file for in.etypes with the expected format log.[date].etypes.*.[nprocs]
INFO:__main__:       thermo.in.etypes.yaml also does not exist in the working directory.
INFO:__main__:   + in.ffield (5/7)
INFO:__main__:     Using 1 nprocs for in.ffield as enforced in the config file.
INFO:__main__:     WARNING: The maximum number of procs found from the reference log files is 4.
INFO:__main__:     Executing: /scratch/projects/anklesan/lammps/fullreg_energy_work/work_1/build/lmp -in in.ffield -cite none -log log.ffield.1
INFO:__main__:       failed, cannot find the reference log file for in.ffield with the expected format log.[date].ffield.*.[nprocs]
INFO:__main__:       thermo.in.ffield.yaml also does not exist in the working directory.
INFO:__main__:   + in.ramp (6/7)
INFO:__main__:     Using 1 nprocs for in.ramp as enforced in the config file.
INFO:__main__:     WARNING: The maximum number of procs found from the reference log files is 4.
INFO:__main__:     Executing: /scratch/projects/anklesan/lammps/fullreg_energy_work/work_1/build/lmp -in in.ramp -cite none -log log.ramp.1
INFO:__main__:       failed, cannot find the reference log file for in.ramp with the expected format log.[date].ramp.*.[nprocs]
INFO:__main__:       thermo.in.ramp.yaml also does not exist in the working directory.
INFO:__main__:   + in.thermo (7/7)
INFO:__main__:     Using 1 nprocs for in.thermo as enforced in the config file.
INFO:__main__:     WARNING: The maximum number of procs found from the reference log files is 4.
INFO:__main__:     Executing: /scratch/projects/anklesan/lammps/fullreg_energy_work/work_1/build/lmp -in in.thermo -cite none -log log.thermo.1
INFO:__main__:       failed, cannot find the reference log file for in.thermo with the expected format log.[date].thermo.*.[nprocs]
INFO:__main__:       thermo.in.thermo.yaml also does not exist in the working directory.
INFO:__main__:Entering examples/PACKAGES/electrode/madelung
INFO:__main__:   + in.cg (1/9)
INFO:__main__:     Using 1 nprocs for in.cg as enforced in the config file.
INFO:__main__:     WARNING: The maximum number of procs found from the reference log files is 4.
INFO:__main__:     Executing: /scratch/projects/anklesan/lammps/fullreg_energy_work/work_1/build/lmp -in in.cg -cite none -log log.cg.1
INFO:__main__:       failed, cannot find the reference log file for in.cg with the expected format log.[date].cg.*.[nprocs]
INFO:__main__:       thermo.in.cg.yaml also does not exist in the working directory.
INFO:__main__:   + in.eta (2/9)
INFO:__main__:     Using 1 nprocs for in.eta as enforced in the config file.
INFO:__main__:     WARNING: The maximum number of procs found from the reference log files is 1.
INFO:__main__:     Executing: /scratch/projects/anklesan/lammps/fullreg_energy_work/work_1/build/lmp -in in.eta -cite none -log log.eta.1
INFO:__main__:     Comparing thermo output from log.eta.1 against the reference log file log.19Feb2024.eta.g++.1
INFO:__main__:     all 2 checks passed.
INFO:__main__:   + in.eta_cg (3/9)
INFO:__main__:     Using 1 nprocs for in.eta_cg as enforced in the config file.
INFO:__main__:     WARNING: The maximum number of procs found from the reference log files is 1.
INFO:__main__:     Executing: /scratch/projects/anklesan/lammps/fullreg_energy_work/work_1/build/lmp -in in.eta_cg -cite none -log log.eta_cg.1
INFO:__main__:     Comparing thermo output from log.eta_cg.1 against the reference log file log.19Feb2024.eta_cg.g++.1
INFO:__main__:     all 2 checks passed.
INFO:__main__:   + in.eta_mix (4/9)
INFO:__main__:     Using 1 nprocs for in.eta_mix as enforced in the config file.
INFO:__main__:     WARNING: The maximum number of procs found from the reference log files is 1.
INFO:__main__:     Executing: /scratch/projects/anklesan/lammps/fullreg_energy_work/work_1/build/lmp -in in.eta_mix -cite none -log log.eta_mix.1
INFO:__main__:     Comparing thermo output from log.eta_mix.1 against the reference log file log.19Feb2024.eta_mix.g++.1
INFO:__main__:     all 2 checks passed.
INFO:__main__:   + in.ewald-ew2d (5/9)
INFO:__main__:     Using 1 nprocs for in.ewald-ew2d as enforced in the config file.
INFO:__main__:     WARNING: The maximum number of procs found from the reference log files is 4.
INFO:__main__:     Executing: /scratch/projects/anklesan/lammps/fullreg_energy_work/work_1/build/lmp -in in.ewald-ew2d -cite none -log log.ewald-ew2d.1
INFO:__main__:       failed, cannot find the reference log file for in.ewald-ew2d with the expected format log.[date].ewald-ew2d.*.[nprocs]
INFO:__main__:       thermo.in.ewald-ew2d.yaml also does not exist in the working directory.
INFO:__main__:   + in.ewald-ew3dc (6/9)
INFO:__main__:     Using 1 nprocs for in.ewald-ew3dc as enforced in the config file.
INFO:__main__:     WARNING: The maximum number of procs found from the reference log files is 4.
INFO:__main__:     Executing: /scratch/projects/anklesan/lammps/fullreg_energy_work/work_1/build/lmp -in in.ewald-ew3dc -cite none -log log.ewald-ew3dc.1
INFO:__main__:       failed, cannot find the reference log file for in.ewald-ew3dc with the expected format log.[date].ewald-ew3dc.*.[nprocs]
INFO:__main__:       thermo.in.ewald-ew3dc.yaml also does not exist in the working directory.
INFO:__main__:   + in.ewald-ffield (7/9)
INFO:__main__:     Using 1 nprocs for in.ewald-ffield as enforced in the config file.
INFO:__main__:     WARNING: The maximum number of procs found from the reference log files is 4.
INFO:__main__:     Executing: /scratch/projects/anklesan/lammps/fullreg_energy_work/work_1/build/lmp -in in.ewald-ffield -cite none -log log.ewald-ffield.1
INFO:__main__:       failed, cannot find the reference log file for in.ewald-ffield with the expected format log.[date].ewald-ffield.*.[nprocs]
INFO:__main__:       thermo.in.ewald-ffield.yaml also does not exist in the working directory.
INFO:__main__:   + in.pppm-ew3dc (8/9)
INFO:__main__:     Using 1 nprocs for in.pppm-ew3dc as enforced in the config file.
INFO:__main__:     WARNING: The maximum number of procs found from the reference log files is 4.
INFO:__main__:     Executing: /scratch/projects/anklesan/lammps/fullreg_energy_work/work_1/build/lmp -in in.pppm-ew3dc -cite none -log log.pppm-ew3dc.1
INFO:__main__:       failed, cannot find the reference log file for in.pppm-ew3dc with the expected format log.[date].pppm-ew3dc.*.[nprocs]
INFO:__main__:       thermo.in.pppm-ew3dc.yaml also does not exist in the working directory.
INFO:__main__:   + in.pppm-ffield (9/9)
INFO:__main__:     Using 1 nprocs for in.pppm-ffield as enforced in the config file.
INFO:__main__:     WARNING: The maximum number of procs found from the reference log files is 4.
INFO:__main__:     Executing: /scratch/projects/anklesan/lammps/fullreg_energy_work/work_1/build/lmp -in in.pppm-ffield -cite none -log log.pppm-ffield.1
INFO:__main__:       failed, cannot find the reference log file for in.pppm-ffield with the expected format log.[date].pppm-ffield.*.[nprocs]
INFO:__main__:       thermo.in.pppm-ffield.yaml also does not exist in the working directory.
INFO:__main__:Entering examples/PACKAGES/electrode/piston
INFO:__main__:   + in.piston (1/1)
INFO:__main__:     Using 1 nprocs for in.piston as enforced in the config file.
INFO:__main__:     WARNING: The maximum number of procs found from the reference log files is 1.
INFO:__main__:     Executing: /scratch/projects/anklesan/lammps/fullreg_energy_work/work_1/build/lmp -in in.piston -cite none -log log.piston.1
INFO:__main__:     Timeout for: /scratch/projects/anklesan/lammps/fullreg_energy_work/work_1/build/lmp -in in.piston -cite none -log log.piston.1 (180s expired)
INFO:__main__:     failed, no Total wall time in the output.

INFO:__main__:
in.piston:
INFO:__main__:
    Output:

INFO:__main__:
    Error:
timeout (180s expired)
INFO:__main__:Entering examples/PACKAGES/electrode/planar
INFO:__main__:   + in.planar-ewald-ew2d (1/5)
INFO:__main__:     Using 1 nprocs for in.planar-ewald-ew2d as enforced in the config file.
INFO:__main__:     WARNING: The maximum number of procs found from the reference log files is 1.
INFO:__main__:     Executing: /scratch/projects/anklesan/lammps/fullreg_energy_work/work_1/build/lmp -in in.planar-ewald-ew2d -cite none -log log.planar-ewald-ew2d.1
INFO:__main__:     Comparing thermo output from log.planar-ewald-ew2d.1 against the reference log file log.1Dec2022.planar-ewald-ew2d.g++.1
INFO:__main__:     all 0 checks passed.
INFO:__main__:   + in.planar-ewald-ew3dc (2/5)
INFO:__main__:     Using 1 nprocs for in.planar-ewald-ew3dc as enforced in the config file.
INFO:__main__:     WARNING: The maximum number of procs found from the reference log files is 1.
INFO:__main__:     Executing: /scratch/projects/anklesan/lammps/fullreg_energy_work/work_1/build/lmp -in in.planar-ewald-ew3dc -cite none -log log.planar-ewald-ew3dc.1
INFO:__main__:     Comparing thermo output from log.planar-ewald-ew3dc.1 against the reference log file log.1Dec2022.planar-ewald-ew3dc.g++.1
INFO:__main__:     all 0 checks passed.
INFO:__main__:   + in.planar-ewald-ffield (3/5)
INFO:__main__:     Using 1 nprocs for in.planar-ewald-ffield as enforced in the config file.
INFO:__main__:     WARNING: The maximum number of procs found from the reference log files is 1.
INFO:__main__:     Executing: /scratch/projects/anklesan/lammps/fullreg_energy_work/work_1/build/lmp -in in.planar-ewald-ffield -cite none -log log.planar-ewald-ffield.1
INFO:__main__:     Comparing thermo output from log.planar-ewald-ffield.1 against the reference log file log.1Dec2022.planar-ewald-ffield.g++.1
INFO:__main__:     all 0 checks passed.
INFO:__main__:   + in.planar-pppm-ew3dc (4/5)
INFO:__main__:     Using 1 nprocs for in.planar-pppm-ew3dc as enforced in the config file.
INFO:__main__:     WARNING: The maximum number of procs found from the reference log files is 1.
INFO:__main__:     Executing: /scratch/projects/anklesan/lammps/fullreg_energy_work/work_1/build/lmp -in in.planar-pppm-ew3dc -cite none -log log.planar-pppm-ew3dc.1
INFO:__main__:     Comparing thermo output from log.planar-pppm-ew3dc.1 against the reference log file log.1Dec2022.planar-pppm-ew3dc.g++.1
INFO:__main__:     all 0 checks passed.
INFO:__main__:   + in.planar-pppm-ffield (5/5)
INFO:__main__:     Using 1 nprocs for in.planar-pppm-ffield as enforced in the config file.
INFO:__main__:     WARNING: The maximum number of procs found from the reference log files is 1.
INFO:__main__:     Executing: /scratch/projects/anklesan/lammps/fullreg_energy_work/work_1/build/lmp -in in.planar-pppm-ffield -cite none -log log.planar-pppm-ffield.1
INFO:__main__:     Comparing thermo output from log.planar-pppm-ffield.1 against the reference log file log.1Dec2022.planar-pppm-ffield.g++.1
INFO:__main__:     all 0 checks passed.
INFO:__main__:Entering examples/PACKAGES/electron_stopping
INFO:__main__:   + in.cascade_AlCu (1/4)
INFO:__main__:     Using 1 nprocs for in.cascade_AlCu as enforced in the config file.
INFO:__main__:     WARNING: The maximum number of procs found from the reference log files is 1.
INFO:__main__:     Executing: /scratch/projects/anklesan/lammps/fullreg_energy_work/work_1/build/lmp -in in.cascade_AlCu -cite none -log log.cascade_AlCu.1
INFO:__main__:     Comparing thermo output from log.cascade_AlCu.1 against the reference log file log.18Sep2020.cascade_AlCu.intel.1
INFO:__main__:     all 4 checks passed.
INFO:__main__:   + in.cascade_SiSi (2/4)
INFO:__main__:     Using 1 nprocs for in.cascade_SiSi as enforced in the config file.
INFO:__main__:     WARNING: The maximum number of procs found from the reference log files is 1.
INFO:__main__:     Executing: /scratch/projects/anklesan/lammps/fullreg_energy_work/work_1/build/lmp -in in.cascade_SiSi -cite none -log log.cascade_SiSi.1
INFO:__main__:     Comparing thermo output from log.cascade_SiSi.1 against the reference log file log.18Sep2020.cascade_SiSi.intel.1
INFO:__main__:     all 4 checks passed.
INFO:__main__:   + in.elstop (3/4)
INFO:__main__:     Using 1 nprocs for in.elstop as enforced in the config file.
INFO:__main__:     WARNING: The maximum number of procs found from the reference log files is 1.
INFO:__main__:     Executing: /scratch/projects/anklesan/lammps/fullreg_energy_work/work_1/build/lmp -in in.elstop -cite none -log log.elstop.1
INFO:__main__:     Comparing thermo output from log.elstop.1 against the reference log file log.20Mar19.elstop.g++.1
INFO:__main__:     all 0 checks passed.
INFO:__main__:   + in.elstop.only (4/4)
INFO:__main__:     Using 1 nprocs for in.elstop.only as enforced in the config file.
INFO:__main__:     WARNING: The maximum number of procs found from the reference log files is 1.
INFO:__main__:     Executing: /scratch/projects/anklesan/lammps/fullreg_energy_work/work_1/build/lmp -in in.elstop.only -cite none -log log.elstop.only.1
INFO:__main__:     Comparing thermo output from log.elstop.only.1 against the reference log file log.20Mar19.elstop.only.g++.1
INFO:__main__:     all 0 checks passed.
INFO:__main__:Entering examples/PACKAGES/entropy
INFO:__main__:   + in.entropy (1/1)
INFO:__main__:     Using 1 nprocs for in.entropy as enforced in the config file.
INFO:__main__:     WARNING: The maximum number of procs found from the reference log files is 4.
INFO:__main__:     Executing: /scratch/projects/anklesan/lammps/fullreg_energy_work/work_1/build/lmp -in in.entropy -cite none -log log.entropy.1
INFO:__main__:       failed, cannot find the reference log file for in.entropy with the expected format log.[date].entropy.*.[nprocs]
INFO:__main__:       thermo.in.entropy.yaml also does not exist in the working directory.
